Change Component Footprint: Designator=KEY_0 Old Footprint=KAILH SOCKET MX_WITHOUT_KEYCAP New Footprint=MX_Normal_1U
Change Component Footprint: Designator=KEY_1 Old Footprint=KAILH SOCKET MX_WITHOUT_KEYCAP New Footprint=MX_Normal_1U
Change Component Footprint: Designator=KEY_2 Old Footprint=KAILH SOCKET MX_WITHOUT_KEYCAP New Footprint=MX_Normal_1U
Change Component Footprint: Designator=KEY_3 Old Footprint=KAILH SOCKET MX_WITHOUT_KEYCAP New Footprint=MX_Normal_1U
Change Component Footprint: Designator=KEY_4 Old Footprint=KAILH SOCKET MX_WITHOUT_KEYCAP New Footprint=MX_Normal_1U
Change Component Footprint: Designator=KEY_5 Old Footprint=KAILH SOCKET MX_WITHOUT_KEYCAP New Footprint=MX_Normal_1U
Change Component Footprint: Designator=KEY_6 Old Footprint=KAILH SOCKET MX_WITHOUT_KEYCAP New Footprint=MX_Normal_1U
Change Component Footprint: Designator=KEY_7 Old Footprint=KAILH SOCKET MX_WITHOUT_KEYCAP New Footprint=MX_Normal_1U
Change Component Footprint: Designator=KEY_8 Old Footprint=KAILH SOCKET MX_WITHOUT_KEYCAP New Footprint=MX_Normal_1U
Change Component Footprint: Designator=KEY_9 Old Footprint=KAILH SOCKET MX_WITHOUT_KEYCAP New Footprint=MX_Normal_1U
Change Component Footprint: Designator=KEY_A Old Footprint=KAILH SOCKET MX_WITHOUT_KEYCAP New Footprint=MX_Normal_1U
Change Component Footprint: Designator=KEY_ADD Old Footprint=KAILH SOCKET MX_WITHOUT_KEYCAP New Footprint=MX_Normal_1U
Change Component Footprint: Designator=KEY_B Old Footprint=KAILH SOCKET MX_WITHOUT_KEYCAP New Footprint=MX_Normal_1U
Change Component Footprint: Designator=KEY_BackwardSquareBracket Old Footprint=KAILH SOCKET MX_WITHOUT_KEYCAP New Footprint=MX_Normal_1U
Change Component Footprint: Designator=KEY_C Old Footprint=KAILH SOCKET MX_WITHOUT_KEYCAP New Footprint=MX_Normal_1U
Change Component Footprint: Designator=KEY_Colon Old Footprint=KAILH SOCKET MX_WITHOUT_KEYCAP New Footprint=MX_Normal_1U
Change Component Footprint: Designator=KEY_Comma Old Footprint=KAILH SOCKET MX_WITHOUT_KEYCAP New Footprint=MX_Normal_1U
Change Component Footprint: Designator=KEY_D Old Footprint=KAILH SOCKET MX_WITHOUT_KEYCAP New Footprint=MX_Normal_1U
Change Component Footprint: Designator=KEY_Delete Old Footprint=KAILH SOCKET MX_WITHOUT_KEYCAP New Footprint=MX_Normal_1U
Change Component Footprint: Designator=KEY_DOWN Old Footprint=KAILH SOCKET MX_WITHOUT_KEYCAP New Footprint=MX_Normal_1U
Change Component Footprint: Designator=KEY_E Old Footprint=KAILH SOCKET MX_WITHOUT_KEYCAP New Footprint=MX_Normal_1U
Change Component Footprint: Designator=KEY_End Old Footprint=KAILH SOCKET MX_WITHOUT_KEYCAP New Footprint=MX_Normal_1U
Change Component Footprint: Designator=KEY_ESC Old Footprint=KAILH SOCKET MX_WITHOUT_KEYCAP New Footprint=MX_Normal_1U
Change Component Footprint: Designator=KEY_F1 Old Footprint=KAILH SOCKET MX_WITHOUT_KEYCAP New Footprint=MX_Normal_1U
Change Component Footprint: Designator=KEY_F2 Old Footprint=KAILH SOCKET MX_WITHOUT_KEYCAP New Footprint=MX_Normal_1U
Change Component Footprint: Designator=KEY_F3 Old Footprint=KAILH SOCKET MX_WITHOUT_KEYCAP New Footprint=MX_Normal_1U
Change Component Footprint: Designator=KEY_F4 Old Footprint=KAILH SOCKET MX_WITHOUT_KEYCAP New Footprint=MX_Normal_1U
Change Component Footprint: Designator=KEY_F5 Old Footprint=KAILH SOCKET MX_WITHOUT_KEYCAP New Footprint=MX_Normal_1U
Change Component Footprint: Designator=KEY_F6 Old Footprint=KAILH SOCKET MX_WITHOUT_KEYCAP New Footprint=MX_Normal_1U
Change Component Footprint: Designator=KEY_F7 Old Footprint=KAILH SOCKET MX_WITHOUT_KEYCAP New Footprint=MX_Normal_1U
Change Component Footprint: Designator=KEY_F8 Old Footprint=KAILH SOCKET MX_WITHOUT_KEYCAP New Footprint=MX_Normal_1U
Change Component Footprint: Designator=KEY_F9 Old Footprint=KAILH SOCKET MX_WITHOUT_KEYCAP New Footprint=MX_Normal_1U
Change Component Footprint: Designator=KEY_F10 Old Footprint=KAILH SOCKET MX_WITHOUT_KEYCAP New Footprint=MX_Normal_1U
Change Component Footprint: Designator=KEY_F11 Old Footprint=KAILH SOCKET MX_WITHOUT_KEYCAP New Footprint=MX_Normal_1U
Change Component Footprint: Designator=KEY_F12 Old Footprint=KAILH SOCKET MX_WITHOUT_KEYCAP New Footprint=MX_Normal_1U
Change Component Footprint: Designator=KEY_F Old Footprint=KAILH SOCKET MX_WITHOUT_KEYCAP New Footprint=MX_Normal_1U
Change Component Footprint: Designator=KEY_ForwardSquareBracket Old Footprint=KAILH SOCKET MX_WITHOUT_KEYCAP New Footprint=MX_Normal_1U
Change Component Footprint: Designator=KEY_FullStop Old Footprint=KAILH SOCKET MX_WITHOUT_KEYCAP New Footprint=MX_Normal_1U
Change Component Footprint: Designator=KEY_G Old Footprint=KAILH SOCKET MX_WITHOUT_KEYCAP New Footprint=MX_Normal_1U
Change Component Footprint: Designator=KEY_H Old Footprint=KAILH SOCKET MX_WITHOUT_KEYCAP New Footprint=MX_Normal_1U
Change Component Footprint: Designator=KEY_Home Old Footprint=KAILH SOCKET MX_WITHOUT_KEYCAP New Footprint=MX_Normal_1U
Change Component Footprint: Designator=KEY_I Old Footprint=KAILH SOCKET MX_WITHOUT_KEYCAP New Footprint=MX_Normal_1U
Change Component Footprint: Designator=KEY_Insert Old Footprint=KAILH SOCKET MX_WITHOUT_KEYCAP New Footprint=MX_Normal_1U
Change Component Footprint: Designator=KEY_J Old Footprint=KAILH SOCKET MX_WITHOUT_KEYCAP New Footprint=MX_Normal_1U
Change Component Footprint: Designator=KEY_K Old Footprint=KAILH SOCKET MX_WITHOUT_KEYCAP New Footprint=MX_Normal_1U
Change Component Footprint: Designator=KEY_L Old Footprint=KAILH SOCKET MX_WITHOUT_KEYCAP New Footprint=MX_Normal_1U
Change Component Footprint: Designator=KEY_LEFT Old Footprint=KAILH SOCKET MX_WITHOUT_KEYCAP New Footprint=MX_Normal_1U
Change Component Footprint: Designator=KEY_M Old Footprint=KAILH SOCKET MX_WITHOUT_KEYCAP New Footprint=MX_Normal_1U
Change Component Footprint: Designator=KEY_N Old Footprint=KAILH SOCKET MX_WITHOUT_KEYCAP New Footprint=MX_Normal_1U
Change Component Footprint: Designator=KEY_Num1 Old Footprint=KAILH SOCKET MX_WITHOUT_KEYCAP New Footprint=MX_Normal_1U
Change Component Footprint: Designator=KEY_Num2 Old Footprint=KAILH SOCKET MX_WITHOUT_KEYCAP New Footprint=MX_Normal_1U
Change Component Footprint: Designator=KEY_Num3 Old Footprint=KAILH SOCKET MX_WITHOUT_KEYCAP New Footprint=MX_Normal_1U
Change Component Footprint: Designator=KEY_Num4 Old Footprint=KAILH SOCKET MX_WITHOUT_KEYCAP New Footprint=MX_Normal_1U
Change Component Footprint: Designator=KEY_Num5 Old Footprint=KAILH SOCKET MX_WITHOUT_KEYCAP New Footprint=MX_Normal_1U
Change Component Footprint: Designator=KEY_Num6 Old Footprint=KAILH SOCKET MX_WITHOUT_KEYCAP New Footprint=MX_Normal_1U
Change Component Footprint: Designator=KEY_Num7 Old Footprint=KAILH SOCKET MX_WITHOUT_KEYCAP New Footprint=MX_Normal_1U
Change Component Footprint: Designator=KEY_Num8 Old Footprint=KAILH SOCKET MX_WITHOUT_KEYCAP New Footprint=MX_Normal_1U
Change Component Footprint: Designator=KEY_Num9 Old Footprint=KAILH SOCKET MX_WITHOUT_KEYCAP New Footprint=MX_Normal_1U
Change Component Footprint: Designator=KEY_NumDIV Old Footprint=KAILH SOCKET MX_WITHOUT_KEYCAP New Footprint=MX_Normal_1U
Change Component Footprint: Designator=KEY_NumFullStop Old Footprint=KAILH SOCKET MX_WITHOUT_KEYCAP New Footprint=MX_Normal_1U
Change Component Footprint: Designator=KEY_NumLock Old Footprint=KAILH SOCKET MX_WITHOUT_KEYCAP New Footprint=MX_Normal_1U
Change Component Footprint: Designator=KEY_NumMUL Old Footprint=KAILH SOCKET MX_WITHOUT_KEYCAP New Footprint=MX_Normal_1U
Change Component Footprint: Designator=KEY_NumSUB Old Footprint=KAILH SOCKET MX_WITHOUT_KEYCAP New Footprint=MX_Normal_1U
Change Component Footprint: Designator=KEY_O Old Footprint=KAILH SOCKET MX_WITHOUT_KEYCAP New Footprint=MX_Normal_1U
Change Component Footprint: Designator=KEY_P Old Footprint=KAILH SOCKET MX_WITHOUT_KEYCAP New Footprint=MX_Normal_1U
Change Component Footprint: Designator=KEY_Pause Old Footprint=KAILH SOCKET MX_WITHOUT_KEYCAP New Footprint=MX_Normal_1U
Change Component Footprint: Designator=KEY_PgDn Old Footprint=KAILH SOCKET MX_WITHOUT_KEYCAP New Footprint=MX_Normal_1U
Change Component Footprint: Designator=KEY_PgUp Old Footprint=KAILH SOCKET MX_WITHOUT_KEYCAP New Footprint=MX_Normal_1U
Change Component Footprint: Designator=KEY_PrtSc Old Footprint=KAILH SOCKET MX_WITHOUT_KEYCAP New Footprint=MX_Normal_1U
Change Component Footprint: Designator=KEY_Q Old Footprint=KAILH SOCKET MX_WITHOUT_KEYCAP New Footprint=MX_Normal_1U
Change Component Footprint: Designator=KEY_Quotation Old Footprint=KAILH SOCKET MX_WITHOUT_KEYCAP New Footprint=MX_Normal_1U
Change Component Footprint: Designator=KEY_R Old Footprint=KAILH SOCKET MX_WITHOUT_KEYCAP New Footprint=MX_Normal_1U
Change Component Footprint: Designator=KEY_RIGHT Old Footprint=KAILH SOCKET MX_WITHOUT_KEYCAP New Footprint=MX_Normal_1U
Change Component Footprint: Designator=KEY_S Old Footprint=KAILH SOCKET MX_WITHOUT_KEYCAP New Footprint=MX_Normal_1U
Change Component Footprint: Designator=KEY_ScrollLock Old Footprint=KAILH SOCKET MX_WITHOUT_KEYCAP New Footprint=MX_Normal_1U
Change Component Footprint: Designator=KEY_Slash Old Footprint=KAILH SOCKET MX_WITHOUT_KEYCAP New Footprint=MX_Normal_1U
Change Component Footprint: Designator=KEY_SUB Old Footprint=KAILH SOCKET MX_WITHOUT_KEYCAP New Footprint=MX_Normal_1U
Change Component Footprint: Designator=KEY_T Old Footprint=KAILH SOCKET MX_WITHOUT_KEYCAP New Footprint=MX_Normal_1U
Change Component Footprint: Designator=KEY_U Old Footprint=KAILH SOCKET MX_WITHOUT_KEYCAP New Footprint=MX_Normal_1U
Change Component Footprint: Designator=KEY_UP Old Footprint=KAILH SOCKET MX_WITHOUT_KEYCAP New Footprint=MX_Normal_1U
Change Component Footprint: Designator=KEY_V Old Footprint=KAILH SOCKET MX_WITHOUT_KEYCAP New Footprint=MX_Normal_1U
Change Component Footprint: Designator=KEY_W Old Footprint=KAILH SOCKET MX_WITHOUT_KEYCAP New Footprint=MX_Normal_1U
Change Component Footprint: Designator=KEY_WAVE Old Footprint=KAILH SOCKET MX_WITHOUT_KEYCAP New Footprint=MX_Normal_1U
Change Component Footprint: Designator=KEY_X Old Footprint=KAILH SOCKET MX_WITHOUT_KEYCAP New Footprint=MX_Normal_1U
Change Component Footprint: Designator=KEY_Y Old Footprint=KAILH SOCKET MX_WITHOUT_KEYCAP New Footprint=MX_Normal_1U
Change Component Footprint: Designator=KEY_Z Old Footprint=KAILH SOCKET MX_WITHOUT_KEYCAP New Footprint=MX_Normal_1U
Change Component Comment : Designator=STAB5 Old Comment=MX_Œ¿–«÷· New Comment=MX_Œ¿–«÷·_ø’∏Òº¸6.25U
