Change Physical Footprint: Designator=C1 Old Footprint=0603C New Footprint=0603C
Change Physical Footprint: Designator=C2 Old Footprint=0603C New Footprint=0603C
Change Physical Footprint: Designator=C3 Old Footprint=0603C New Footprint=0603C
Change Physical Footprint: Designator=C4 Old Footprint=0603C New Footprint=0603C
Change Physical Footprint: Designator=C5 Old Footprint=0603C New Footprint=0603C
Change Physical Footprint: Designator=C6 Old Footprint=0603C New Footprint=0603C
Change Physical Footprint: Designator=C7 Old Footprint=0603C New Footprint=0603C
Change Physical Footprint: Designator=C8 Old Footprint=0603C New Footprint=0603C
Change Physical Footprint: Designator=C9 Old Footprint=0603C New Footprint=0603C
Change Physical Footprint: Designator=C10 Old Footprint=0603C New Footprint=0603C
Change Physical Footprint: Designator=C11 Old Footprint=0603C New Footprint=0603C
Change Physical Footprint: Designator=C12 Old Footprint=0603C New Footprint=0603C
Change Physical Footprint: Designator=C13 Old Footprint=0603C New Footprint=0603C
Change Physical Footprint: Designator=C14 Old Footprint=0603C New Footprint=0603C
Change Physical Footprint: Designator=C15 Old Footprint=0603C New Footprint=0603C
Change Physical Footprint: Designator=C16 Old Footprint=0603C New Footprint=0603C
Change Physical Footprint: Designator=C17 Old Footprint=0603C New Footprint=0603C
Change Physical Footprint: Designator=C18 Old Footprint=0603C New Footprint=0603C
Change Physical Footprint: Designator=C19 Old Footprint=0603C New Footprint=0603C
Change Physical Footprint: Designator=C20 Old Footprint=0603C New Footprint=0603C
Change Physical Footprint: Designator=C21 Old Footprint=0603C New Footprint=0603C
Change Physical Footprint: Designator=C22 Old Footprint=0603C New Footprint=0603C
Change Physical Footprint: Designator=C23 Old Footprint=0603C New Footprint=0603C
Change Physical Footprint: Designator=C24 Old Footprint=0603C New Footprint=0603C
Change Physical Footprint: Designator=C25 Old Footprint=0603C New Footprint=0603C
Change Physical Footprint: Designator=C26 Old Footprint=0603C New Footprint=0603C
Change Physical Footprint: Designator=C27 Old Footprint=0603C New Footprint=0603C
Change Physical Footprint: Designator=C28 Old Footprint=0603C New Footprint=0603C
Change Physical Footprint: Designator=C29 Old Footprint=0603C New Footprint=0603C
Change Physical Footprint: Designator=C30 Old Footprint=0603C New Footprint=0603C
Change Physical Footprint: Designator=C31 Old Footprint=0603C New Footprint=0603C
Change Physical Footprint: Designator=C32 Old Footprint=0603C New Footprint=0603C
Change Physical Footprint: Designator=C33 Old Footprint=0603C New Footprint=0603C
Change Physical Footprint: Designator=C34 Old Footprint=0603C New Footprint=0603C
Change Physical Footprint: Designator=C35 Old Footprint=0603C New Footprint=0603C
Change Physical Footprint: Designator=C36 Old Footprint=0603C New Footprint=0603C
Change Physical Footprint: Designator=C37 Old Footprint=0603C New Footprint=0603C
Change Physical Footprint: Designator=C38 Old Footprint=0603C New Footprint=0603C
Change Physical Footprint: Designator=C39 Old Footprint=0603C New Footprint=0603C
Change Physical Footprint: Designator=C40 Old Footprint=0603C New Footprint=0603C
Change Physical Footprint: Designator=C41 Old Footprint=0603C New Footprint=0603C
Change Physical Footprint: Designator=C42 Old Footprint=0603C New Footprint=0603C
Change Physical Footprint: Designator=C43 Old Footprint=0603C New Footprint=0603C
Change Physical Footprint: Designator=C44 Old Footprint=0603C New Footprint=0603C
Change Physical Footprint: Designator=C45 Old Footprint=0603C New Footprint=0603C
Change Physical Footprint: Designator=C46 Old Footprint=0603C New Footprint=0603C
Change Physical Footprint: Designator=C47 Old Footprint=0603C New Footprint=0603C
Change Physical Footprint: Designator=C48 Old Footprint=0603C New Footprint=0603C
Change Physical Footprint: Designator=C49 Old Footprint=0603C New Footprint=0603C
Change Physical Footprint: Designator=C50 Old Footprint=0603C New Footprint=0603C
Change Physical Footprint: Designator=C51 Old Footprint=0603C New Footprint=0603C
Change Physical Footprint: Designator=C52 Old Footprint=0603C New Footprint=0603C
Change Physical Footprint: Designator=C53 Old Footprint=0603C New Footprint=0603C
Change Physical Footprint: Designator=C54 Old Footprint=0603C New Footprint=0603C
Change Physical Footprint: Designator=C55 Old Footprint=0603C New Footprint=0603C
Change Physical Footprint: Designator=C56 Old Footprint=0603C New Footprint=0603C
Change Physical Footprint: Designator=C57 Old Footprint=0603C New Footprint=0603C
Change Physical Footprint: Designator=C58 Old Footprint=0603C New Footprint=0603C
Change Physical Footprint: Designator=C59 Old Footprint=0603C New Footprint=0603C
Change Physical Footprint: Designator=C60 Old Footprint=0603C New Footprint=0603C
Change Physical Footprint: Designator=C61 Old Footprint=0603C New Footprint=0603C
Change Physical Footprint: Designator=C62 Old Footprint=0603C New Footprint=0603C
Change Physical Footprint: Designator=C63 Old Footprint=0603C New Footprint=0603C
Change Physical Footprint: Designator=C64 Old Footprint=0603C New Footprint=0603C
Change Physical Footprint: Designator=C65 Old Footprint=0603C New Footprint=0603C
Change Physical Footprint: Designator=C66 Old Footprint=0603C New Footprint=0603C
Change Physical Footprint: Designator=C67 Old Footprint=0603C New Footprint=0603C
Change Physical Footprint: Designator=C68 Old Footprint=0603C New Footprint=0603C
Change Physical Footprint: Designator=C69 Old Footprint=0603C New Footprint=0603C
Change Physical Footprint: Designator=C70 Old Footprint=0603C New Footprint=0603C
Change Physical Footprint: Designator=C71 Old Footprint=0603C New Footprint=0603C
Change Physical Footprint: Designator=C72 Old Footprint=0603C New Footprint=0603C
Change Physical Footprint: Designator=C73 Old Footprint=0603C New Footprint=0603C
Change Physical Footprint: Designator=C74 Old Footprint=0603C New Footprint=0603C
Change Physical Footprint: Designator=C75 Old Footprint=0603C New Footprint=0603C
Change Physical Footprint: Designator=C76 Old Footprint=0603C New Footprint=0603C
Change Physical Footprint: Designator=C77 Old Footprint=0603C New Footprint=0603C
Change Physical Footprint: Designator=C78 Old Footprint=0603C New Footprint=0603C
Change Physical Footprint: Designator=C79 Old Footprint=0603C New Footprint=0603C
Change Physical Footprint: Designator=C80 Old Footprint=0603C New Footprint=0603C
Change Physical Footprint: Designator=C81 Old Footprint=0603C New Footprint=0603C
Change Physical Footprint: Designator=C82 Old Footprint=0603C New Footprint=0603C
Change Physical Footprint: Designator=C83 Old Footprint=0603C New Footprint=0603C
Change Physical Footprint: Designator=C84 Old Footprint=0603C New Footprint=0603C
Change Physical Footprint: Designator=C85 Old Footprint=0603C New Footprint=0603C
Change Physical Footprint: Designator=C86 Old Footprint=0603C New Footprint=0603C
Change Physical Footprint: Designator=C87 Old Footprint=0603C New Footprint=0603C
Change Physical Footprint: Designator=C88 Old Footprint=0603C New Footprint=0603C
Change Physical Footprint: Designator=C89 Old Footprint=0603C New Footprint=0603C
Change Physical Footprint: Designator=C90 Old Footprint=0603C New Footprint=0603C
Change Physical Footprint: Designator=C91 Old Footprint=0603C New Footprint=0603C
Change Physical Footprint: Designator=C92 Old Footprint=0603C New Footprint=0603C
Change Physical Footprint: Designator=C93 Old Footprint=0603C New Footprint=0603C
Change Physical Footprint: Designator=C94 Old Footprint=0603C New Footprint=0603C
Change Physical Footprint: Designator=C95 Old Footprint=0603C New Footprint=0603C
Change Physical Footprint: Designator=C96 Old Footprint=0603C New Footprint=0603C
Change Physical Footprint: Designator=C97 Old Footprint=0603C New Footprint=0603C
Change Physical Footprint: Designator=C98 Old Footprint=0603C New Footprint=0603C
Change Physical Footprint: Designator=C99 Old Footprint=0603C New Footprint=0603C
Change Physical Footprint: Designator=C100 Old Footprint=0603C New Footprint=0603C
Change Physical Footprint: Designator=C101 Old Footprint=0603C New Footprint=0603C
Change Physical Footprint: Designator=C102 Old Footprint=0603C New Footprint=0603C
Change Physical Footprint: Designator=C103 Old Footprint=0603C New Footprint=0603C
Change Physical Footprint: Designator=C104 Old Footprint=0603C New Footprint=0603C
Change Physical Footprint: Designator=J1 Old Footprint=FPC0.5-40P New Footprint=FPC0.5-40P
Change Physical Footprint: Designator=KEY_0 Old Footprint=Kailh Socket MX_Without_Keycap New Footprint=Kailh Socket MX_Without_Keycap
Change Physical Footprint: Designator=KEY_1 Old Footprint=Kailh Socket MX_Without_Keycap New Footprint=Kailh Socket MX_Without_Keycap
Change Physical Footprint: Designator=KEY_2 Old Footprint=Kailh Socket MX_Without_Keycap New Footprint=Kailh Socket MX_Without_Keycap
Change Physical Footprint: Designator=KEY_3 Old Footprint=Kailh Socket MX_Without_Keycap New Footprint=Kailh Socket MX_Without_Keycap
Change Physical Footprint: Designator=KEY_4 Old Footprint=Kailh Socket MX_Without_Keycap New Footprint=Kailh Socket MX_Without_Keycap
Change Physical Footprint: Designator=KEY_5 Old Footprint=Kailh Socket MX_Without_Keycap New Footprint=Kailh Socket MX_Without_Keycap
Change Physical Footprint: Designator=KEY_6 Old Footprint=Kailh Socket MX_Without_Keycap New Footprint=Kailh Socket MX_Without_Keycap
Change Physical Footprint: Designator=KEY_7 Old Footprint=Kailh Socket MX_Without_Keycap New Footprint=Kailh Socket MX_Without_Keycap
Change Physical Footprint: Designator=KEY_8 Old Footprint=Kailh Socket MX_Without_Keycap New Footprint=Kailh Socket MX_Without_Keycap
Change Physical Footprint: Designator=KEY_9 Old Footprint=Kailh Socket MX_Without_Keycap New Footprint=Kailh Socket MX_Without_Keycap
Change Physical Footprint: Designator=KEY_A Old Footprint=Kailh Socket MX_Without_Keycap New Footprint=Kailh Socket MX_Without_Keycap
Change Physical Footprint: Designator=KEY_ADD Old Footprint=Kailh Socket MX_Without_Keycap New Footprint=Kailh Socket MX_Without_Keycap
Change Physical Footprint: Designator=KEY_B Old Footprint=Kailh Socket MX_Without_Keycap New Footprint=Kailh Socket MX_Without_Keycap
Change Physical Footprint: Designator=KEY_Backslash Old Footprint=MX_Tab_1.5U New Footprint=MX_Tab_1.5U
Change Physical Footprint: Designator=KEY_Backspace Old Footprint=MX_Backspace_2U New Footprint=MX_Backspace_2U
Change Physical Footprint: Designator=KEY_BackwardSquareBracket Old Footprint=Kailh Socket MX_Without_Keycap New Footprint=Kailh Socket MX_Without_Keycap
Change Physical Footprint: Designator=KEY_C Old Footprint=Kailh Socket MX_Without_Keycap New Footprint=Kailh Socket MX_Without_Keycap
Change Physical Footprint: Designator=KEY_CapsLock Old Footprint=MX_CapsLock_1.75U New Footprint=MX_CapsLock_1.75U
Change Physical Footprint: Designator=KEY_Colon Old Footprint=Kailh Socket MX_Without_Keycap New Footprint=Kailh Socket MX_Without_Keycap
Change Physical Footprint: Designator=KEY_Comma Old Footprint=Kailh Socket MX_Without_Keycap New Footprint=Kailh Socket MX_Without_Keycap
Change Physical Footprint: Designator=KEY_D Old Footprint=Kailh Socket MX_Without_Keycap New Footprint=Kailh Socket MX_Without_Keycap
Change Physical Footprint: Designator=KEY_Delete Old Footprint=Kailh Socket MX_Without_Keycap New Footprint=Kailh Socket MX_Without_Keycap
Change Physical Footprint: Designator=KEY_DOWN Old Footprint=Kailh Socket MX_Without_Keycap New Footprint=Kailh Socket MX_Without_Keycap
Change Physical Footprint: Designator=KEY_E Old Footprint=Kailh Socket MX_Without_Keycap New Footprint=Kailh Socket MX_Without_Keycap
Change Physical Footprint: Designator=KEY_End Old Footprint=Kailh Socket MX_Without_Keycap New Footprint=Kailh Socket MX_Without_Keycap
Change Physical Footprint: Designator=KEY_Enter Old Footprint=MX_LeftShift_Enter_2.25U New Footprint=MX_LeftShift_Enter_2.25U
Change Physical Footprint: Designator=KEY_ESC Old Footprint=Kailh Socket MX_Without_Keycap New Footprint=Kailh Socket MX_Without_Keycap
Change Physical Footprint: Designator=KEY_F Old Footprint=Kailh Socket MX_Without_Keycap New Footprint=Kailh Socket MX_Without_Keycap
Change Physical Footprint: Designator=KEY_F1 Old Footprint=Kailh Socket MX_Without_Keycap New Footprint=Kailh Socket MX_Without_Keycap
Change Physical Footprint: Designator=KEY_F2 Old Footprint=Kailh Socket MX_Without_Keycap New Footprint=Kailh Socket MX_Without_Keycap
Change Physical Footprint: Designator=KEY_F3 Old Footprint=Kailh Socket MX_Without_Keycap New Footprint=Kailh Socket MX_Without_Keycap
Change Physical Footprint: Designator=KEY_F4 Old Footprint=Kailh Socket MX_Without_Keycap New Footprint=Kailh Socket MX_Without_Keycap
Change Physical Footprint: Designator=KEY_F5 Old Footprint=Kailh Socket MX_Without_Keycap New Footprint=Kailh Socket MX_Without_Keycap
Change Physical Footprint: Designator=KEY_F6 Old Footprint=Kailh Socket MX_Without_Keycap New Footprint=Kailh Socket MX_Without_Keycap
Change Physical Footprint: Designator=KEY_F7 Old Footprint=Kailh Socket MX_Without_Keycap New Footprint=Kailh Socket MX_Without_Keycap
Change Physical Footprint: Designator=KEY_F8 Old Footprint=Kailh Socket MX_Without_Keycap New Footprint=Kailh Socket MX_Without_Keycap
Change Physical Footprint: Designator=KEY_F9 Old Footprint=Kailh Socket MX_Without_Keycap New Footprint=Kailh Socket MX_Without_Keycap
Change Physical Footprint: Designator=KEY_F10 Old Footprint=Kailh Socket MX_Without_Keycap New Footprint=Kailh Socket MX_Without_Keycap
Change Physical Footprint: Designator=KEY_F11 Old Footprint=Kailh Socket MX_Without_Keycap New Footprint=Kailh Socket MX_Without_Keycap
Change Physical Footprint: Designator=KEY_F12 Old Footprint=Kailh Socket MX_Without_Keycap New Footprint=Kailh Socket MX_Without_Keycap
Change Physical Footprint: Designator=KEY_Fn Old Footprint=MX_Ctrl_Win_Alt_1.25U New Footprint=MX_Ctrl_Win_Alt_1.25U
Change Physical Footprint: Designator=KEY_ForwardSquareBracket Old Footprint=Kailh Socket MX_Without_Keycap New Footprint=Kailh Socket MX_Without_Keycap
Change Physical Footprint: Designator=KEY_FullStop Old Footprint=Kailh Socket MX_Without_Keycap New Footprint=Kailh Socket MX_Without_Keycap
Change Physical Footprint: Designator=KEY_G Old Footprint=Kailh Socket MX_Without_Keycap New Footprint=Kailh Socket MX_Without_Keycap
Change Physical Footprint: Designator=KEY_H Old Footprint=Kailh Socket MX_Without_Keycap New Footprint=Kailh Socket MX_Without_Keycap
Change Physical Footprint: Designator=KEY_Home Old Footprint=Kailh Socket MX_Without_Keycap New Footprint=Kailh Socket MX_Without_Keycap
Change Physical Footprint: Designator=KEY_I Old Footprint=Kailh Socket MX_Without_Keycap New Footprint=Kailh Socket MX_Without_Keycap
Change Physical Footprint: Designator=KEY_Insert Old Footprint=Kailh Socket MX_Without_Keycap New Footprint=Kailh Socket MX_Without_Keycap
Change Physical Footprint: Designator=KEY_J Old Footprint=Kailh Socket MX_Without_Keycap New Footprint=Kailh Socket MX_Without_Keycap
Change Physical Footprint: Designator=KEY_K Old Footprint=Kailh Socket MX_Without_Keycap New Footprint=Kailh Socket MX_Without_Keycap
Change Physical Footprint: Designator=KEY_L Old Footprint=Kailh Socket MX_Without_Keycap New Footprint=Kailh Socket MX_Without_Keycap
Change Physical Footprint: Designator=KEY_LAlt Old Footprint=MX_Ctrl_Win_Alt_1.25U New Footprint=MX_Ctrl_Win_Alt_1.25U
Change Physical Footprint: Designator=KEY_LCtrl Old Footprint=MX_Ctrl_Win_Alt_1.25U New Footprint=MX_Ctrl_Win_Alt_1.25U
Change Physical Footprint: Designator=KEY_LEFT Old Footprint=Kailh Socket MX_Without_Keycap New Footprint=Kailh Socket MX_Without_Keycap
Change Physical Footprint: Designator=KEY_LShift Old Footprint=MX_LeftShift_Enter_2.25U New Footprint=MX_LeftShift_Enter_2.25U
Change Physical Footprint: Designator=KEY_LWin Old Footprint=MX_Ctrl_Win_Alt_1.25U New Footprint=MX_Ctrl_Win_Alt_1.25U
Change Physical Footprint: Designator=KEY_M Old Footprint=Kailh Socket MX_Without_Keycap New Footprint=Kailh Socket MX_Without_Keycap
Change Physical Footprint: Designator=KEY_N Old Footprint=Kailh Socket MX_Without_Keycap New Footprint=Kailh Socket MX_Without_Keycap
Change Physical Footprint: Designator=KEY_Num0 Old Footprint=MX_Backspace_2U New Footprint=MX_Backspace_2U
Change Physical Footprint: Designator=KEY_Num1 Old Footprint=Kailh Socket MX_Without_Keycap New Footprint=Kailh Socket MX_Without_Keycap
Change Physical Footprint: Designator=KEY_Num2 Old Footprint=Kailh Socket MX_Without_Keycap New Footprint=Kailh Socket MX_Without_Keycap
Change Physical Footprint: Designator=KEY_Num3 Old Footprint=Kailh Socket MX_Without_Keycap New Footprint=Kailh Socket MX_Without_Keycap
Change Physical Footprint: Designator=KEY_Num4 Old Footprint=Kailh Socket MX_Without_Keycap New Footprint=Kailh Socket MX_Without_Keycap
Change Physical Footprint: Designator=KEY_Num5 Old Footprint=Kailh Socket MX_Without_Keycap New Footprint=Kailh Socket MX_Without_Keycap
Change Physical Footprint: Designator=KEY_Num6 Old Footprint=Kailh Socket MX_Without_Keycap New Footprint=Kailh Socket MX_Without_Keycap
Change Physical Footprint: Designator=KEY_Num7 Old Footprint=Kailh Socket MX_Without_Keycap New Footprint=Kailh Socket MX_Without_Keycap
Change Physical Footprint: Designator=KEY_Num8 Old Footprint=Kailh Socket MX_Without_Keycap New Footprint=Kailh Socket MX_Without_Keycap
Change Physical Footprint: Designator=KEY_Num9 Old Footprint=Kailh Socket MX_Without_Keycap New Footprint=Kailh Socket MX_Without_Keycap
Change Physical Footprint: Designator=KEY_NumADD Old Footprint=MX_Backspace_2U New Footprint=MX_Backspace_2U
Change Physical Footprint: Designator=KEY_NumDIV Old Footprint=Kailh Socket MX_Without_Keycap New Footprint=Kailh Socket MX_Without_Keycap
Change Physical Footprint: Designator=KEY_NumEnter Old Footprint=MX_Backspace_2U New Footprint=MX_Backspace_2U
Change Physical Footprint: Designator=KEY_NumFullStop Old Footprint=Kailh Socket MX_Without_Keycap New Footprint=Kailh Socket MX_Without_Keycap
Change Physical Footprint: Designator=KEY_NumLock Old Footprint=Kailh Socket MX_Without_Keycap New Footprint=Kailh Socket MX_Without_Keycap
Change Physical Footprint: Designator=KEY_NumMUL Old Footprint=Kailh Socket MX_Without_Keycap New Footprint=Kailh Socket MX_Without_Keycap
Change Physical Footprint: Designator=KEY_NumSUB Old Footprint=Kailh Socket MX_Without_Keycap New Footprint=Kailh Socket MX_Without_Keycap
Change Physical Footprint: Designator=KEY_O Old Footprint=Kailh Socket MX_Without_Keycap New Footprint=Kailh Socket MX_Without_Keycap
Change Physical Footprint: Designator=KEY_P Old Footprint=Kailh Socket MX_Without_Keycap New Footprint=Kailh Socket MX_Without_Keycap
Change Physical Footprint: Designator=KEY_Pause Old Footprint=Kailh Socket MX_Without_Keycap New Footprint=Kailh Socket MX_Without_Keycap
Change Physical Footprint: Designator=KEY_PgDn Old Footprint=Kailh Socket MX_Without_Keycap New Footprint=Kailh Socket MX_Without_Keycap
Change Physical Footprint: Designator=KEY_PgUp Old Footprint=Kailh Socket MX_Without_Keycap New Footprint=Kailh Socket MX_Without_Keycap
Change Physical Footprint: Designator=KEY_PrtSc Old Footprint=Kailh Socket MX_Without_Keycap New Footprint=Kailh Socket MX_Without_Keycap
Change Physical Footprint: Designator=KEY_Q Old Footprint=Kailh Socket MX_Without_Keycap New Footprint=Kailh Socket MX_Without_Keycap
Change Physical Footprint: Designator=KEY_Quotation Old Footprint=Kailh Socket MX_Without_Keycap New Footprint=Kailh Socket MX_Without_Keycap
Change Physical Footprint: Designator=KEY_R Old Footprint=Kailh Socket MX_Without_Keycap New Footprint=Kailh Socket MX_Without_Keycap
Change Physical Footprint: Designator=KEY_RAlt Old Footprint=MX_Ctrl_Win_Alt_1.25U New Footprint=MX_Ctrl_Win_Alt_1.25U
Change Physical Footprint: Designator=KEY_RCtrl Old Footprint=MX_Ctrl_Win_Alt_1.25U New Footprint=MX_Ctrl_Win_Alt_1.25U
Change Physical Footprint: Designator=KEY_RIGHT Old Footprint=Kailh Socket MX_Without_Keycap New Footprint=Kailh Socket MX_Without_Keycap
Change Physical Footprint: Designator=KEY_RShift Old Footprint=MX_RightShift_2.75U New Footprint=MX_RightShift_2.75U
Change Physical Footprint: Designator=KEY_RWin Old Footprint=MX_Ctrl_Win_Alt_1.25U New Footprint=MX_Ctrl_Win_Alt_1.25U
Change Physical Footprint: Designator=KEY_S Old Footprint=Kailh Socket MX_Without_Keycap New Footprint=Kailh Socket MX_Without_Keycap
Change Physical Footprint: Designator=KEY_ScrollLock Old Footprint=Kailh Socket MX_Without_Keycap New Footprint=Kailh Socket MX_Without_Keycap
Change Physical Footprint: Designator=KEY_Slash Old Footprint=Kailh Socket MX_Without_Keycap New Footprint=Kailh Socket MX_Without_Keycap
Change Physical Footprint: Designator=KEY_Space Old Footprint=MX_Space_6.25U New Footprint=MX_Space_6.25U
Change Physical Footprint: Designator=KEY_SUB Old Footprint=Kailh Socket MX_Without_Keycap New Footprint=Kailh Socket MX_Without_Keycap
Change Physical Footprint: Designator=KEY_T Old Footprint=Kailh Socket MX_Without_Keycap New Footprint=Kailh Socket MX_Without_Keycap
Change Physical Footprint: Designator=KEY_Tab Old Footprint=MX_Tab_1.5U New Footprint=MX_Tab_1.5U
Change Physical Footprint: Designator=KEY_U Old Footprint=Kailh Socket MX_Without_Keycap New Footprint=Kailh Socket MX_Without_Keycap
Change Physical Footprint: Designator=KEY_UP Old Footprint=Kailh Socket MX_Without_Keycap New Footprint=Kailh Socket MX_Without_Keycap
Change Physical Footprint: Designator=KEY_V Old Footprint=Kailh Socket MX_Without_Keycap New Footprint=Kailh Socket MX_Without_Keycap
Change Physical Footprint: Designator=KEY_W Old Footprint=Kailh Socket MX_Without_Keycap New Footprint=Kailh Socket MX_Without_Keycap
Change Physical Footprint: Designator=KEY_WAVE Old Footprint=Kailh Socket MX_Without_Keycap New Footprint=Kailh Socket MX_Without_Keycap
Change Physical Footprint: Designator=KEY_X Old Footprint=Kailh Socket MX_Without_Keycap New Footprint=Kailh Socket MX_Without_Keycap
Change Physical Footprint: Designator=KEY_Y Old Footprint=Kailh Socket MX_Without_Keycap New Footprint=Kailh Socket MX_Without_Keycap
Change Physical Footprint: Designator=KEY_Z Old Footprint=Kailh Socket MX_Without_Keycap New Footprint=Kailh Socket MX_Without_Keycap
Change Physical Footprint: Designator=R0 Old Footprint=0603R New Footprint=0603R
Change Physical Footprint: Designator=R1 Old Footprint=0603R New Footprint=0603R
Change Physical Footprint: Designator=R2 Old Footprint=0603R New Footprint=0603R
Change Physical Footprint: Designator=R3 Old Footprint=0603R New Footprint=0603R
Change Physical Footprint: Designator=R4 Old Footprint=0603R New Footprint=0603R
Change Physical Footprint: Designator=R5 Old Footprint=0603R New Footprint=0603R
Change Physical Footprint: Designator=R6 Old Footprint=0603R New Footprint=0603R
Change Physical Footprint: Designator=R7 Old Footprint=0603R New Footprint=0603R
Change Physical Footprint: Designator=R8 Old Footprint=0603R New Footprint=0603R
Change Physical Footprint: Designator=R9 Old Footprint=0603R New Footprint=0603R
Change Physical Footprint: Designator=R10 Old Footprint=0603R New Footprint=0603R
Change Physical Footprint: Designator=R11 Old Footprint=0603R New Footprint=0603R
Change Physical Footprint: Designator=R12 Old Footprint=0603R New Footprint=0603R
Change Physical Footprint: Designator=R13 Old Footprint=0603R New Footprint=0603R
Change Physical Footprint: Designator=STAB1 Old Footprint=1X2 New Footprint=1X2
Change Physical Footprint: Designator=STAB2 Old Footprint=1X2 New Footprint=1X2
Change Physical Footprint: Designator=STAB3 Old Footprint=1X2 New Footprint=1X2
Change Physical Footprint: Designator=STAB4 Old Footprint=1X2 New Footprint=1X2
Change Physical Footprint: Designator=STAB5 Old Footprint=1x6.25 New Footprint=1x6.25
Change Physical Footprint: Designator=STAB6 Old Footprint=1X2 New Footprint=1X2
Change Physical Footprint: Designator=STAB7 Old Footprint=1X2 New Footprint=1X2
Change Physical Footprint: Designator=STAB8 Old Footprint=1X2 New Footprint=1X2
