Added Component: Designator=C1(0603C)
Added Component: Designator=C2(0603C)
Added Component: Designator=C3(0603C)
Added Component: Designator=C4(0603C)
Added Component: Designator=C5(0603C)
Added Component: Designator=C6(0603C)
Added Component: Designator=C7(0603C)
Added Component: Designator=C8(0603C)
Added Component: Designator=C9(0603C)
Added Component: Designator=C10(0603C)
Added Component: Designator=C11(0603C)
Added Component: Designator=C12(0603C)
Added Component: Designator=C13(0603C)
Added Component: Designator=C14(0603C)
Added Component: Designator=C15(0603C)
Added Component: Designator=C16(0603C)
Added Component: Designator=C17(0603C)
Added Component: Designator=C18(0603C)
Added Component: Designator=C19(0603C)
Added Component: Designator=C20(0603C)
Added Component: Designator=C21(0603C)
Added Component: Designator=C22(0603C)
Added Component: Designator=C23(0603C)
Added Component: Designator=C24(0603C)
Added Component: Designator=C25(0603C)
Added Component: Designator=C26(0603C)
Added Component: Designator=C27(0603C)
Added Component: Designator=C28(0603C)
Added Component: Designator=C29(0603C)
Added Component: Designator=C30(0603C)
Added Component: Designator=C31(0603C)
Added Component: Designator=C32(0603C)
Added Component: Designator=C33(0603C)
Added Component: Designator=C34(0603C)
Added Component: Designator=C35(0603C)
Added Component: Designator=C36(0603C)
Added Component: Designator=C37(0603C)
Added Component: Designator=C38(0603C)
Added Component: Designator=C39(0603C)
Added Component: Designator=C40(0603C)
Added Component: Designator=C41(0603C)
Added Component: Designator=C42(0603C)
Added Component: Designator=C43(0603C)
Added Component: Designator=C44(0603C)
Added Component: Designator=C45(0603C)
Added Component: Designator=C46(0603C)
Added Component: Designator=C47(0603C)
Added Component: Designator=C48(0603C)
Added Component: Designator=C49(0603C)
Added Component: Designator=C50(0603C)
Added Component: Designator=C51(0603C)
Added Component: Designator=C52(0603C)
Added Component: Designator=C53(0603C)
Added Component: Designator=C54(0603C)
Added Component: Designator=C55(0603C)
Added Component: Designator=C56(0603C)
Added Component: Designator=C57(0603C)
Added Component: Designator=C58(0603C)
Added Component: Designator=C59(0603C)
Added Component: Designator=C60(0603C)
Added Component: Designator=C61(0603C)
Added Component: Designator=C62(0603C)
Added Component: Designator=C63(0603C)
Added Component: Designator=C64(0603C)
Added Component: Designator=C65(0603C)
Added Component: Designator=C66(0603C)
Added Component: Designator=C67(0603C)
Added Component: Designator=C68(0603C)
Added Component: Designator=C69(0603C)
Added Component: Designator=C70(0603C)
Added Component: Designator=C71(0603C)
Added Component: Designator=C72(0603C)
Added Component: Designator=C73(0603C)
Added Component: Designator=C74(0603C)
Added Component: Designator=C75(0603C)
Added Component: Designator=C76(0603C)
Added Component: Designator=C77(0603C)
Added Component: Designator=C78(0603C)
Added Component: Designator=C79(0603C)
Added Component: Designator=C80(0603C)
Added Component: Designator=C81(0603C)
Added Component: Designator=C82(0603C)
Added Component: Designator=C83(0603C)
Added Component: Designator=C84(0603C)
Added Component: Designator=C85(0603C)
Added Component: Designator=C86(0603C)
Added Component: Designator=C87(0603C)
Added Component: Designator=C88(0603C)
Added Component: Designator=C89(0603C)
Added Component: Designator=C90(0603C)
Added Component: Designator=C91(0603C)
Added Component: Designator=C92(0603C)
Added Component: Designator=C93(0603C)
Added Component: Designator=C94(0603C)
Added Component: Designator=C95(0603C)
Added Component: Designator=C96(0603C)
Added Component: Designator=C97(0603C)
Added Component: Designator=C98(0603C)
Added Component: Designator=C99(0603C)
Added Component: Designator=C100(0603C)
Added Component: Designator=C101(0603C)
Added Component: Designator=C102(0603C)
Added Component: Designator=C103(0603C)
Added Component: Designator=C104(0603C)
Added Component: Designator=J1(FPC0.5-40P)
Added Component: Designator=KEY_0(Kailh Socket MX_Without_Keycap)
Added Component: Designator=KEY_1(Kailh Socket MX_Without_Keycap)
Added Component: Designator=KEY_2(Kailh Socket MX_Without_Keycap)
Added Component: Designator=KEY_3(Kailh Socket MX_Without_Keycap)
Added Component: Designator=KEY_4(Kailh Socket MX_Without_Keycap)
Added Component: Designator=KEY_5(Kailh Socket MX_Without_Keycap)
Added Component: Designator=KEY_6(Kailh Socket MX_Without_Keycap)
Added Component: Designator=KEY_7(Kailh Socket MX_Without_Keycap)
Added Component: Designator=KEY_8(Kailh Socket MX_Without_Keycap)
Added Component: Designator=KEY_9(Kailh Socket MX_Without_Keycap)
Added Component: Designator=KEY_ADD(Kailh Socket MX_Without_Keycap)
Added Component: Designator=KEY_A(Kailh Socket MX_Without_Keycap)
Added Component: Designator=KEY_Backslash(MX_Tab_1.5U)
Added Component: Designator=KEY_Backspace(MX_Backspace_2U)
Added Component: Designator=KEY_BackwardSquareBracket(Kailh Socket MX_Without_Keycap)
Added Component: Designator=KEY_B(Kailh Socket MX_Without_Keycap)
Added Component: Designator=KEY_CapsLock(MX_CapsLock_1.75U)
Added Component: Designator=KEY_Colon(Kailh Socket MX_Without_Keycap)
Added Component: Designator=KEY_Comma(Kailh Socket MX_Without_Keycap)
Added Component: Designator=KEY_C(Kailh Socket MX_Without_Keycap)
Added Component: Designator=KEY_Delete(Kailh Socket MX_Without_Keycap)
Added Component: Designator=KEY_DOWN(Kailh Socket MX_Without_Keycap)
Added Component: Designator=KEY_D(Kailh Socket MX_Without_Keycap)
Added Component: Designator=KEY_End(Kailh Socket MX_Without_Keycap)
Added Component: Designator=KEY_Enter(MX_LeftShift_Enter_2.25U)
Added Component: Designator=KEY_ESC(Kailh Socket MX_Without_Keycap)
Added Component: Designator=KEY_E(Kailh Socket MX_Without_Keycap)
Added Component: Designator=KEY_F1(Kailh Socket MX_Without_Keycap)
Added Component: Designator=KEY_F2(Kailh Socket MX_Without_Keycap)
Added Component: Designator=KEY_F3(Kailh Socket MX_Without_Keycap)
Added Component: Designator=KEY_F4(Kailh Socket MX_Without_Keycap)
Added Component: Designator=KEY_F5(Kailh Socket MX_Without_Keycap)
Added Component: Designator=KEY_F6(Kailh Socket MX_Without_Keycap)
Added Component: Designator=KEY_F7(Kailh Socket MX_Without_Keycap)
Added Component: Designator=KEY_F8(Kailh Socket MX_Without_Keycap)
Added Component: Designator=KEY_F9(Kailh Socket MX_Without_Keycap)
Added Component: Designator=KEY_F10(Kailh Socket MX_Without_Keycap)
Added Component: Designator=KEY_F11(Kailh Socket MX_Without_Keycap)
Added Component: Designator=KEY_F12(Kailh Socket MX_Without_Keycap)
Added Component: Designator=KEY_Fn(MX_Ctrl_Win_Alt_1.25U)
Added Component: Designator=KEY_ForwardSquareBracket(Kailh Socket MX_Without_Keycap)
Added Component: Designator=KEY_F(Kailh Socket MX_Without_Keycap)
Added Component: Designator=KEY_FullStop(Kailh Socket MX_Without_Keycap)
Added Component: Designator=KEY_G(Kailh Socket MX_Without_Keycap)
Added Component: Designator=KEY_Home(Kailh Socket MX_Without_Keycap)
Added Component: Designator=KEY_H(Kailh Socket MX_Without_Keycap)
Added Component: Designator=KEY_Insert(Kailh Socket MX_Without_Keycap)
Added Component: Designator=KEY_I(Kailh Socket MX_Without_Keycap)
Added Component: Designator=KEY_J(Kailh Socket MX_Without_Keycap)
Added Component: Designator=KEY_K(Kailh Socket MX_Without_Keycap)
Added Component: Designator=KEY_LAlt(MX_Ctrl_Win_Alt_1.25U)
Added Component: Designator=KEY_LCtrl(MX_Ctrl_Win_Alt_1.25U)
Added Component: Designator=KEY_LEFT(Kailh Socket MX_Without_Keycap)
Added Component: Designator=KEY_LShift(MX_LeftShift_Enter_2.25U)
Added Component: Designator=KEY_L(Kailh Socket MX_Without_Keycap)
Added Component: Designator=KEY_LWin(MX_Ctrl_Win_Alt_1.25U)
Added Component: Designator=KEY_M(Kailh Socket MX_Without_Keycap)
Added Component: Designator=KEY_N(Kailh Socket MX_Without_Keycap)
Added Component: Designator=KEY_Num0(MX_Backspace_2U)
Added Component: Designator=KEY_Num1(Kailh Socket MX_Without_Keycap)
Added Component: Designator=KEY_Num2(Kailh Socket MX_Without_Keycap)
Added Component: Designator=KEY_Num3(Kailh Socket MX_Without_Keycap)
Added Component: Designator=KEY_Num4(Kailh Socket MX_Without_Keycap)
Added Component: Designator=KEY_Num5(Kailh Socket MX_Without_Keycap)
Added Component: Designator=KEY_Num6(Kailh Socket MX_Without_Keycap)
Added Component: Designator=KEY_Num7(Kailh Socket MX_Without_Keycap)
Added Component: Designator=KEY_Num8(Kailh Socket MX_Without_Keycap)
Added Component: Designator=KEY_Num9(Kailh Socket MX_Without_Keycap)
Added Component: Designator=KEY_NumADD(MX_Backspace_2U)
Added Component: Designator=KEY_NumDIV(Kailh Socket MX_Without_Keycap)
Added Component: Designator=KEY_NumEnter(MX_Backspace_2U)
Added Component: Designator=KEY_NumFullStop(Kailh Socket MX_Without_Keycap)
Added Component: Designator=KEY_NumLock(Kailh Socket MX_Without_Keycap)
Added Component: Designator=KEY_NumMUL(Kailh Socket MX_Without_Keycap)
Added Component: Designator=KEY_NumSUB(Kailh Socket MX_Without_Keycap)
Added Component: Designator=KEY_O(Kailh Socket MX_Without_Keycap)
Added Component: Designator=KEY_Pause(Kailh Socket MX_Without_Keycap)
Added Component: Designator=KEY_PgDn(Kailh Socket MX_Without_Keycap)
Added Component: Designator=KEY_PgUp(Kailh Socket MX_Without_Keycap)
Added Component: Designator=KEY_PrtSc(Kailh Socket MX_Without_Keycap)
Added Component: Designator=KEY_P(Kailh Socket MX_Without_Keycap)
Added Component: Designator=KEY_Q(Kailh Socket MX_Without_Keycap)
Added Component: Designator=KEY_Quotation(Kailh Socket MX_Without_Keycap)
Added Component: Designator=KEY_RAlt(MX_Ctrl_Win_Alt_1.25U)
Added Component: Designator=KEY_RCtrl(MX_Ctrl_Win_Alt_1.25U)
Added Component: Designator=KEY_RIGHT(Kailh Socket MX_Without_Keycap)
Added Component: Designator=KEY_RShift(MX_RightShift_2.75U)
Added Component: Designator=KEY_R(Kailh Socket MX_Without_Keycap)
Added Component: Designator=KEY_RWin(MX_Ctrl_Win_Alt_1.25U)
Added Component: Designator=KEY_ScrollLock(Kailh Socket MX_Without_Keycap)
Added Component: Designator=KEY_Slash(Kailh Socket MX_Without_Keycap)
Added Component: Designator=KEY_Space(MX_Space_6.25U)
Added Component: Designator=KEY_S(Kailh Socket MX_Without_Keycap)
Added Component: Designator=KEY_SUB(Kailh Socket MX_Without_Keycap)
Added Component: Designator=KEY_Tab(MX_Tab_1.5U)
Added Component: Designator=KEY_T(Kailh Socket MX_Without_Keycap)
Added Component: Designator=KEY_UP(Kailh Socket MX_Without_Keycap)
Added Component: Designator=KEY_U(Kailh Socket MX_Without_Keycap)
Added Component: Designator=KEY_V(Kailh Socket MX_Without_Keycap)
Added Component: Designator=KEY_WAVE(Kailh Socket MX_Without_Keycap)
Added Component: Designator=KEY_W(Kailh Socket MX_Without_Keycap)
Added Component: Designator=KEY_X(Kailh Socket MX_Without_Keycap)
Added Component: Designator=KEY_Y(Kailh Socket MX_Without_Keycap)
Added Component: Designator=KEY_Z(Kailh Socket MX_Without_Keycap)
Added Component: Designator=R0(0603R)
Added Component: Designator=R1(0603R)
Added Component: Designator=R2(0603R)
Added Component: Designator=R3(0603R)
Added Component: Designator=R4(0603R)
Added Component: Designator=R5(0603R)
Added Component: Designator=R6(0603R)
Added Component: Designator=R7(0603R)
Added Component: Designator=R8(0603R)
Added Component: Designator=R9(0603R)
Added Component: Designator=R10(0603R)
Added Component: Designator=R11(0603R)
Added Component: Designator=R12(0603R)
Added Component: Designator=R13(0603R)
Added Component: Designator=STAB1(1X2)
Added Component: Designator=STAB2(1X2)
Added Component: Designator=STAB3(1X2)
Added Component: Designator=STAB4(1X2)
Added Component: Designator=STAB5(1x6.25)
Added Component: Designator=STAB6(1X2)
Added Component: Designator=STAB7(1X2)
Added Component: Designator=STAB8(1X2)
Added Pin To Net: NetName=3V3 Pin=R2-2
Added Pin To Net: NetName=3V3 Pin=R4-2
Added Pin To Net: NetName=3V3 Pin=R6-2
Added Pin To Net: NetName=3V3 Pin=R8-2
Added Pin To Net: NetName=3V3 Pin=R10-2
Added Pin To Net: NetName=3V3 Pin=R12-2
Added Net: Name=3V3
Added Pin To Net: NetName=5V Pin=C1-2
Added Pin To Net: NetName=5V Pin=C2-2
Added Pin To Net: NetName=5V Pin=C3-2
Added Pin To Net: NetName=5V Pin=C4-2
Added Pin To Net: NetName=5V Pin=C5-2
Added Pin To Net: NetName=5V Pin=C6-2
Added Pin To Net: NetName=5V Pin=C7-2
Added Pin To Net: NetName=5V Pin=C8-2
Added Pin To Net: NetName=5V Pin=C9-2
Added Pin To Net: NetName=5V Pin=C10-2
Added Pin To Net: NetName=5V Pin=C11-2
Added Pin To Net: NetName=5V Pin=C12-2
Added Pin To Net: NetName=5V Pin=C13-2
Added Pin To Net: NetName=5V Pin=C14-2
Added Pin To Net: NetName=5V Pin=C15-2
Added Pin To Net: NetName=5V Pin=C16-2
Added Pin To Net: NetName=5V Pin=C17-2
Added Pin To Net: NetName=5V Pin=C18-2
Added Pin To Net: NetName=5V Pin=C19-2
Added Pin To Net: NetName=5V Pin=C20-2
Added Pin To Net: NetName=5V Pin=C21-2
Added Pin To Net: NetName=5V Pin=C22-2
Added Pin To Net: NetName=5V Pin=C23-2
Added Pin To Net: NetName=5V Pin=C24-2
Added Pin To Net: NetName=5V Pin=C25-2
Added Pin To Net: NetName=5V Pin=C26-2
Added Pin To Net: NetName=5V Pin=C27-2
Added Pin To Net: NetName=5V Pin=C28-2
Added Pin To Net: NetName=5V Pin=C29-2
Added Pin To Net: NetName=5V Pin=C30-2
Added Pin To Net: NetName=5V Pin=C31-2
Added Pin To Net: NetName=5V Pin=C32-2
Added Pin To Net: NetName=5V Pin=C33-2
Added Pin To Net: NetName=5V Pin=C34-2
Added Pin To Net: NetName=5V Pin=C35-2
Added Pin To Net: NetName=5V Pin=C36-2
Added Pin To Net: NetName=5V Pin=C37-2
Added Pin To Net: NetName=5V Pin=C38-2
Added Pin To Net: NetName=5V Pin=C39-2
Added Pin To Net: NetName=5V Pin=C40-2
Added Pin To Net: NetName=5V Pin=C41-2
Added Pin To Net: NetName=5V Pin=C42-2
Added Pin To Net: NetName=5V Pin=C43-2
Added Pin To Net: NetName=5V Pin=C44-2
Added Pin To Net: NetName=5V Pin=C45-2
Added Pin To Net: NetName=5V Pin=C46-2
Added Pin To Net: NetName=5V Pin=C47-2
Added Pin To Net: NetName=5V Pin=C48-2
Added Pin To Net: NetName=5V Pin=C49-2
Added Pin To Net: NetName=5V Pin=C50-2
Added Pin To Net: NetName=5V Pin=C51-2
Added Pin To Net: NetName=5V Pin=C52-2
Added Pin To Net: NetName=5V Pin=C53-2
Added Pin To Net: NetName=5V Pin=C55-2
Added Pin To Net: NetName=5V Pin=C56-2
Added Pin To Net: NetName=5V Pin=C57-2
Added Pin To Net: NetName=5V Pin=C58-2
Added Pin To Net: NetName=5V Pin=C59-2
Added Pin To Net: NetName=5V Pin=C60-2
Added Pin To Net: NetName=5V Pin=C61-2
Added Pin To Net: NetName=5V Pin=C62-2
Added Pin To Net: NetName=5V Pin=C63-2
Added Pin To Net: NetName=5V Pin=C64-2
Added Pin To Net: NetName=5V Pin=C65-2
Added Pin To Net: NetName=5V Pin=C66-2
Added Pin To Net: NetName=5V Pin=C67-2
Added Pin To Net: NetName=5V Pin=C68-2
Added Pin To Net: NetName=5V Pin=C69-2
Added Pin To Net: NetName=5V Pin=C70-2
Added Pin To Net: NetName=5V Pin=C71-2
Added Pin To Net: NetName=5V Pin=C72-2
Added Pin To Net: NetName=5V Pin=C73-2
Added Pin To Net: NetName=5V Pin=C74-2
Added Pin To Net: NetName=5V Pin=C75-2
Added Pin To Net: NetName=5V Pin=C76-2
Added Pin To Net: NetName=5V Pin=C77-2
Added Pin To Net: NetName=5V Pin=C78-2
Added Pin To Net: NetName=5V Pin=C79-2
Added Pin To Net: NetName=5V Pin=C80-2
Added Pin To Net: NetName=5V Pin=C81-2
Added Pin To Net: NetName=5V Pin=C82-2
Added Pin To Net: NetName=5V Pin=C83-2
Added Pin To Net: NetName=5V Pin=C84-2
Added Pin To Net: NetName=5V Pin=C85-2
Added Pin To Net: NetName=5V Pin=C86-2
Added Pin To Net: NetName=5V Pin=C87-2
Added Pin To Net: NetName=5V Pin=C88-2
Added Pin To Net: NetName=5V Pin=C89-2
Added Pin To Net: NetName=5V Pin=C90-2
Added Pin To Net: NetName=5V Pin=C91-2
Added Pin To Net: NetName=5V Pin=C92-2
Added Pin To Net: NetName=5V Pin=C93-2
Added Pin To Net: NetName=5V Pin=C94-2
Added Pin To Net: NetName=5V Pin=C95-2
Added Pin To Net: NetName=5V Pin=C96-2
Added Pin To Net: NetName=5V Pin=C97-2
Added Pin To Net: NetName=5V Pin=C98-2
Added Pin To Net: NetName=5V Pin=C99-2
Added Pin To Net: NetName=5V Pin=C100-2
Added Pin To Net: NetName=5V Pin=C101-2
Added Pin To Net: NetName=5V Pin=C102-2
Added Pin To Net: NetName=5V Pin=C103-2
Added Pin To Net: NetName=5V Pin=C104-2
Added Pin To Net: NetName=5V Pin=J1-31
Added Pin To Net: NetName=5V Pin=J1-32
Added Pin To Net: NetName=5V Pin=J1-33
Added Pin To Net: NetName=5V Pin=J1-34
Added Pin To Net: NetName=5V Pin=J1-35
Added Pin To Net: NetName=5V Pin=KEY_0-5
Added Pin To Net: NetName=5V Pin=KEY_1-5
Added Pin To Net: NetName=5V Pin=KEY_2-5
Added Pin To Net: NetName=5V Pin=KEY_3-5
Added Pin To Net: NetName=5V Pin=KEY_4-5
Added Pin To Net: NetName=5V Pin=KEY_5-5
Added Pin To Net: NetName=5V Pin=KEY_6-5
Added Pin To Net: NetName=5V Pin=KEY_7-5
Added Pin To Net: NetName=5V Pin=KEY_8-5
Added Pin To Net: NetName=5V Pin=KEY_9-5
Added Pin To Net: NetName=5V Pin=KEY_A-5
Added Pin To Net: NetName=5V Pin=KEY_ADD-5
Added Pin To Net: NetName=5V Pin=KEY_B-5
Added Pin To Net: NetName=5V Pin=KEY_Backslash-5
Added Pin To Net: NetName=5V Pin=KEY_Backspace-5
Added Pin To Net: NetName=5V Pin=KEY_BackwardSquareBracket-5
Added Pin To Net: NetName=5V Pin=KEY_C-5
Added Pin To Net: NetName=5V Pin=KEY_CapsLock-5
Added Pin To Net: NetName=5V Pin=KEY_Colon-5
Added Pin To Net: NetName=5V Pin=KEY_Comma-5
Added Pin To Net: NetName=5V Pin=KEY_D-5
Added Pin To Net: NetName=5V Pin=KEY_Delete-5
Added Pin To Net: NetName=5V Pin=KEY_DOWN-5
Added Pin To Net: NetName=5V Pin=KEY_E-5
Added Pin To Net: NetName=5V Pin=KEY_End-5
Added Pin To Net: NetName=5V Pin=KEY_Enter-5
Added Pin To Net: NetName=5V Pin=KEY_ESC-5
Added Pin To Net: NetName=5V Pin=KEY_F-5
Added Pin To Net: NetName=5V Pin=KEY_F1-5
Added Pin To Net: NetName=5V Pin=KEY_F2-5
Added Pin To Net: NetName=5V Pin=KEY_F3-5
Added Pin To Net: NetName=5V Pin=KEY_F4-5
Added Pin To Net: NetName=5V Pin=KEY_F5-5
Added Pin To Net: NetName=5V Pin=KEY_F6-5
Added Pin To Net: NetName=5V Pin=KEY_F7-5
Added Pin To Net: NetName=5V Pin=KEY_F8-5
Added Pin To Net: NetName=5V Pin=KEY_F9-5
Added Pin To Net: NetName=5V Pin=KEY_F10-5
Added Pin To Net: NetName=5V Pin=KEY_F11-5
Added Pin To Net: NetName=5V Pin=KEY_F12-5
Added Pin To Net: NetName=5V Pin=KEY_Fn-5
Added Pin To Net: NetName=5V Pin=KEY_ForwardSquareBracket-5
Added Pin To Net: NetName=5V Pin=KEY_FullStop-5
Added Pin To Net: NetName=5V Pin=KEY_G-5
Added Pin To Net: NetName=5V Pin=KEY_H-5
Added Pin To Net: NetName=5V Pin=KEY_Home-5
Added Pin To Net: NetName=5V Pin=KEY_I-5
Added Pin To Net: NetName=5V Pin=KEY_Insert-5
Added Pin To Net: NetName=5V Pin=KEY_J-5
Added Pin To Net: NetName=5V Pin=KEY_K-5
Added Pin To Net: NetName=5V Pin=KEY_L-5
Added Pin To Net: NetName=5V Pin=KEY_LAlt-5
Added Pin To Net: NetName=5V Pin=KEY_LCtrl-5
Added Pin To Net: NetName=5V Pin=KEY_LEFT-5
Added Pin To Net: NetName=5V Pin=KEY_LShift-5
Added Pin To Net: NetName=5V Pin=KEY_LWin-5
Added Pin To Net: NetName=5V Pin=KEY_M-5
Added Pin To Net: NetName=5V Pin=KEY_N-5
Added Pin To Net: NetName=5V Pin=KEY_Num0-5
Added Pin To Net: NetName=5V Pin=KEY_Num1-5
Added Pin To Net: NetName=5V Pin=KEY_Num2-5
Added Pin To Net: NetName=5V Pin=KEY_Num3-5
Added Pin To Net: NetName=5V Pin=KEY_Num4-5
Added Pin To Net: NetName=5V Pin=KEY_Num5-5
Added Pin To Net: NetName=5V Pin=KEY_Num6-5
Added Pin To Net: NetName=5V Pin=KEY_Num7-5
Added Pin To Net: NetName=5V Pin=KEY_Num8-5
Added Pin To Net: NetName=5V Pin=KEY_Num9-5
Added Pin To Net: NetName=5V Pin=KEY_NumADD-5
Added Pin To Net: NetName=5V Pin=KEY_NumDIV-5
Added Pin To Net: NetName=5V Pin=KEY_NumEnter-5
Added Pin To Net: NetName=5V Pin=KEY_NumFullStop-5
Added Pin To Net: NetName=5V Pin=KEY_NumLock-5
Added Pin To Net: NetName=5V Pin=KEY_NumMUL-5
Added Pin To Net: NetName=5V Pin=KEY_NumSUB-5
Added Pin To Net: NetName=5V Pin=KEY_O-5
Added Pin To Net: NetName=5V Pin=KEY_P-5
Added Pin To Net: NetName=5V Pin=KEY_Pause-5
Added Pin To Net: NetName=5V Pin=KEY_PgUp-5
Added Pin To Net: NetName=5V Pin=KEY_PrtSc-5
Added Pin To Net: NetName=5V Pin=KEY_Q-5
Added Pin To Net: NetName=5V Pin=KEY_Quotation-5
Added Pin To Net: NetName=5V Pin=KEY_R-5
Added Pin To Net: NetName=5V Pin=KEY_RAlt-5
Added Pin To Net: NetName=5V Pin=KEY_RCtrl-5
Added Pin To Net: NetName=5V Pin=KEY_RIGHT-5
Added Pin To Net: NetName=5V Pin=KEY_RShift-5
Added Pin To Net: NetName=5V Pin=KEY_RWin-5
Added Pin To Net: NetName=5V Pin=KEY_S-5
Added Pin To Net: NetName=5V Pin=KEY_ScrollLock-5
Added Pin To Net: NetName=5V Pin=KEY_Slash-5
Added Pin To Net: NetName=5V Pin=KEY_Space-5
Added Pin To Net: NetName=5V Pin=KEY_SUB-5
Added Pin To Net: NetName=5V Pin=KEY_T-5
Added Pin To Net: NetName=5V Pin=KEY_Tab-5
Added Pin To Net: NetName=5V Pin=KEY_U-5
Added Pin To Net: NetName=5V Pin=KEY_UP-5
Added Pin To Net: NetName=5V Pin=KEY_V-5
Added Pin To Net: NetName=5V Pin=KEY_W-5
Added Pin To Net: NetName=5V Pin=KEY_WAVE-5
Added Pin To Net: NetName=5V Pin=KEY_X-5
Added Pin To Net: NetName=5V Pin=KEY_Y-5
Added Pin To Net: NetName=5V Pin=KEY_Z-5
Added Net: Name=5V
Added Pin To Net: NetName=COL1 Pin=J1-7
Added Pin To Net: NetName=COL1 Pin=KEY_CapsLock-2
Added Pin To Net: NetName=COL1 Pin=KEY_ESC-2
Added Pin To Net: NetName=COL1 Pin=KEY_LCtrl-2
Added Pin To Net: NetName=COL1 Pin=KEY_LShift-2
Added Pin To Net: NetName=COL1 Pin=KEY_Tab-2
Added Pin To Net: NetName=COL1 Pin=KEY_WAVE-2
Added Net: Name=COL1
Added Pin To Net: NetName=COL2 Pin=J1-8
Added Pin To Net: NetName=COL2 Pin=KEY_1-2
Added Pin To Net: NetName=COL2 Pin=KEY_A-2
Added Pin To Net: NetName=COL2 Pin=KEY_F1-2
Added Pin To Net: NetName=COL2 Pin=KEY_LWin-2
Added Pin To Net: NetName=COL2 Pin=KEY_Q-2
Added Pin To Net: NetName=COL2 Pin=KEY_Z-2
Added Net: Name=COL2
Added Pin To Net: NetName=COL3 Pin=J1-9
Added Pin To Net: NetName=COL3 Pin=KEY_2-2
Added Pin To Net: NetName=COL3 Pin=KEY_F2-2
Added Pin To Net: NetName=COL3 Pin=KEY_LAlt-2
Added Pin To Net: NetName=COL3 Pin=KEY_S-2
Added Pin To Net: NetName=COL3 Pin=KEY_W-2
Added Pin To Net: NetName=COL3 Pin=KEY_X-2
Added Net: Name=COL3
Added Pin To Net: NetName=COL4 Pin=J1-10
Added Pin To Net: NetName=COL4 Pin=KEY_3-2
Added Pin To Net: NetName=COL4 Pin=KEY_C-2
Added Pin To Net: NetName=COL4 Pin=KEY_D-2
Added Pin To Net: NetName=COL4 Pin=KEY_E-2
Added Pin To Net: NetName=COL4 Pin=KEY_F3-2
Added Pin To Net: NetName=COL4 Pin=KEY_Space-2
Added Net: Name=COL4
Added Pin To Net: NetName=COL5 Pin=J1-11
Added Pin To Net: NetName=COL5 Pin=KEY_4-2
Added Pin To Net: NetName=COL5 Pin=KEY_F-2
Added Pin To Net: NetName=COL5 Pin=KEY_F4-2
Added Pin To Net: NetName=COL5 Pin=KEY_R-2
Added Pin To Net: NetName=COL5 Pin=KEY_RAlt-2
Added Pin To Net: NetName=COL5 Pin=KEY_V-2
Added Net: Name=COL5
Added Pin To Net: NetName=COL6 Pin=J1-12
Added Pin To Net: NetName=COL6 Pin=KEY_5-2
Added Pin To Net: NetName=COL6 Pin=KEY_B-2
Added Pin To Net: NetName=COL6 Pin=KEY_F5-2
Added Pin To Net: NetName=COL6 Pin=KEY_G-2
Added Pin To Net: NetName=COL6 Pin=KEY_RWin-2
Added Pin To Net: NetName=COL6 Pin=KEY_T-2
Added Net: Name=COL6
Added Pin To Net: NetName=COL7 Pin=J1-13
Added Pin To Net: NetName=COL7 Pin=KEY_6-2
Added Pin To Net: NetName=COL7 Pin=KEY_F6-2
Added Pin To Net: NetName=COL7 Pin=KEY_Fn-2
Added Pin To Net: NetName=COL7 Pin=KEY_H-2
Added Pin To Net: NetName=COL7 Pin=KEY_N-2
Added Pin To Net: NetName=COL7 Pin=KEY_Y-2
Added Net: Name=COL7
Added Pin To Net: NetName=COL8 Pin=J1-14
Added Pin To Net: NetName=COL8 Pin=KEY_7-2
Added Pin To Net: NetName=COL8 Pin=KEY_F7-2
Added Pin To Net: NetName=COL8 Pin=KEY_J-2
Added Pin To Net: NetName=COL8 Pin=KEY_M-2
Added Pin To Net: NetName=COL8 Pin=KEY_RCtrl-2
Added Pin To Net: NetName=COL8 Pin=KEY_U-2
Added Net: Name=COL8
Added Pin To Net: NetName=COL9 Pin=J1-15
Added Pin To Net: NetName=COL9 Pin=KEY_8-2
Added Pin To Net: NetName=COL9 Pin=KEY_Comma-2
Added Pin To Net: NetName=COL9 Pin=KEY_F8-2
Added Pin To Net: NetName=COL9 Pin=KEY_I-2
Added Pin To Net: NetName=COL9 Pin=KEY_K-2
Added Net: Name=COL9
Added Pin To Net: NetName=COL10 Pin=J1-16
Added Pin To Net: NetName=COL10 Pin=KEY_9-2
Added Pin To Net: NetName=COL10 Pin=KEY_F9-2
Added Pin To Net: NetName=COL10 Pin=KEY_FullStop-2
Added Pin To Net: NetName=COL10 Pin=KEY_L-2
Added Pin To Net: NetName=COL10 Pin=KEY_O-2
Added Net: Name=COL10
Added Pin To Net: NetName=COL11 Pin=J1-17
Added Pin To Net: NetName=COL11 Pin=KEY_0-2
Added Pin To Net: NetName=COL11 Pin=KEY_Colon-2
Added Pin To Net: NetName=COL11 Pin=KEY_F10-2
Added Pin To Net: NetName=COL11 Pin=KEY_P-2
Added Pin To Net: NetName=COL11 Pin=KEY_Slash-2
Added Net: Name=COL11
Added Pin To Net: NetName=COL12 Pin=J1-18
Added Pin To Net: NetName=COL12 Pin=KEY_F11-2
Added Pin To Net: NetName=COL12 Pin=KEY_ForwardSquareBracket-2
Added Pin To Net: NetName=COL12 Pin=KEY_Quotation-2
Added Pin To Net: NetName=COL12 Pin=KEY_RShift-2
Added Pin To Net: NetName=COL12 Pin=KEY_SUB-2
Added Net: Name=COL12
Added Pin To Net: NetName=COL13 Pin=J1-19
Added Pin To Net: NetName=COL13 Pin=KEY_ADD-2
Added Pin To Net: NetName=COL13 Pin=KEY_BackwardSquareBracket-2
Added Pin To Net: NetName=COL13 Pin=KEY_Enter-2
Added Pin To Net: NetName=COL13 Pin=KEY_F12-2
Added Net: Name=COL13
Added Pin To Net: NetName=COL14 Pin=J1-20
Added Pin To Net: NetName=COL14 Pin=KEY_Backslash-2
Added Pin To Net: NetName=COL14 Pin=KEY_Backspace-2
Added Net: Name=COL14
Added Pin To Net: NetName=COL15 Pin=J1-21
Added Pin To Net: NetName=COL15 Pin=KEY_Delete-2
Added Pin To Net: NetName=COL15 Pin=KEY_Insert-2
Added Pin To Net: NetName=COL15 Pin=KEY_LEFT-2
Added Pin To Net: NetName=COL15 Pin=KEY_PrtSc-2
Added Net: Name=COL15
Added Pin To Net: NetName=COL16 Pin=J1-22
Added Pin To Net: NetName=COL16 Pin=KEY_DOWN-2
Added Pin To Net: NetName=COL16 Pin=KEY_End-2
Added Pin To Net: NetName=COL16 Pin=KEY_Home-2
Added Pin To Net: NetName=COL16 Pin=KEY_ScrollLock-2
Added Pin To Net: NetName=COL16 Pin=KEY_UP-2
Added Net: Name=COL16
Added Pin To Net: NetName=COL17 Pin=J1-23
Added Pin To Net: NetName=COL17 Pin=KEY_Pause-2
Added Pin To Net: NetName=COL17 Pin=KEY_PgDn-2
Added Pin To Net: NetName=COL17 Pin=KEY_PgUp-2
Added Pin To Net: NetName=COL17 Pin=KEY_RIGHT-2
Added Net: Name=COL17
Added Pin To Net: NetName=COL18 Pin=J1-24
Added Pin To Net: NetName=COL18 Pin=KEY_Num0-2
Added Pin To Net: NetName=COL18 Pin=KEY_Num1-2
Added Pin To Net: NetName=COL18 Pin=KEY_Num4-2
Added Pin To Net: NetName=COL18 Pin=KEY_Num7-2
Added Pin To Net: NetName=COL18 Pin=KEY_NumLock-2
Added Net: Name=COL18
Added Pin To Net: NetName=COL19 Pin=J1-25
Added Pin To Net: NetName=COL19 Pin=KEY_Num2-2
Added Pin To Net: NetName=COL19 Pin=KEY_Num5-2
Added Pin To Net: NetName=COL19 Pin=KEY_Num8-2
Added Pin To Net: NetName=COL19 Pin=KEY_NumDIV-2
Added Net: Name=COL19
Added Pin To Net: NetName=COL20 Pin=J1-26
Added Pin To Net: NetName=COL20 Pin=KEY_Num3-2
Added Pin To Net: NetName=COL20 Pin=KEY_Num6-2
Added Pin To Net: NetName=COL20 Pin=KEY_Num9-2
Added Pin To Net: NetName=COL20 Pin=KEY_NumFullStop-2
Added Pin To Net: NetName=COL20 Pin=KEY_NumMUL-2
Added Net: Name=COL20
Added Pin To Net: NetName=COL21 Pin=J1-27
Added Pin To Net: NetName=COL21 Pin=KEY_NumADD-2
Added Pin To Net: NetName=COL21 Pin=KEY_NumEnter-2
Added Pin To Net: NetName=COL21 Pin=KEY_NumSUB-2
Added Net: Name=COL21
Added Pin To Net: NetName=GND Pin=C1-1
Added Pin To Net: NetName=GND Pin=C2-1
Added Pin To Net: NetName=GND Pin=C3-1
Added Pin To Net: NetName=GND Pin=C4-1
Added Pin To Net: NetName=GND Pin=C5-1
Added Pin To Net: NetName=GND Pin=C6-1
Added Pin To Net: NetName=GND Pin=C7-1
Added Pin To Net: NetName=GND Pin=C8-1
Added Pin To Net: NetName=GND Pin=C9-1
Added Pin To Net: NetName=GND Pin=C10-1
Added Pin To Net: NetName=GND Pin=C11-1
Added Pin To Net: NetName=GND Pin=C12-1
Added Pin To Net: NetName=GND Pin=C13-1
Added Pin To Net: NetName=GND Pin=C14-1
Added Pin To Net: NetName=GND Pin=C15-1
Added Pin To Net: NetName=GND Pin=C16-1
Added Pin To Net: NetName=GND Pin=C17-1
Added Pin To Net: NetName=GND Pin=C18-1
Added Pin To Net: NetName=GND Pin=C19-1
Added Pin To Net: NetName=GND Pin=C20-1
Added Pin To Net: NetName=GND Pin=C21-1
Added Pin To Net: NetName=GND Pin=C22-1
Added Pin To Net: NetName=GND Pin=C23-1
Added Pin To Net: NetName=GND Pin=C24-1
Added Pin To Net: NetName=GND Pin=C25-1
Added Pin To Net: NetName=GND Pin=C26-1
Added Pin To Net: NetName=GND Pin=C27-1
Added Pin To Net: NetName=GND Pin=C28-1
Added Pin To Net: NetName=GND Pin=C29-1
Added Pin To Net: NetName=GND Pin=C30-1
Added Pin To Net: NetName=GND Pin=C31-1
Added Pin To Net: NetName=GND Pin=C32-1
Added Pin To Net: NetName=GND Pin=C33-1
Added Pin To Net: NetName=GND Pin=C34-1
Added Pin To Net: NetName=GND Pin=C35-1
Added Pin To Net: NetName=GND Pin=C36-1
Added Pin To Net: NetName=GND Pin=C37-1
Added Pin To Net: NetName=GND Pin=C38-1
Added Pin To Net: NetName=GND Pin=C39-1
Added Pin To Net: NetName=GND Pin=C40-1
Added Pin To Net: NetName=GND Pin=C41-1
Added Pin To Net: NetName=GND Pin=C42-1
Added Pin To Net: NetName=GND Pin=C43-1
Added Pin To Net: NetName=GND Pin=C44-1
Added Pin To Net: NetName=GND Pin=C45-1
Added Pin To Net: NetName=GND Pin=C46-1
Added Pin To Net: NetName=GND Pin=C47-1
Added Pin To Net: NetName=GND Pin=C48-1
Added Pin To Net: NetName=GND Pin=C49-1
Added Pin To Net: NetName=GND Pin=C50-1
Added Pin To Net: NetName=GND Pin=C51-1
Added Pin To Net: NetName=GND Pin=C52-1
Added Pin To Net: NetName=GND Pin=C53-1
Added Pin To Net: NetName=GND Pin=C54-1
Added Pin To Net: NetName=GND Pin=C55-1
Added Pin To Net: NetName=GND Pin=C56-1
Added Pin To Net: NetName=GND Pin=C57-1
Added Pin To Net: NetName=GND Pin=C58-1
Added Pin To Net: NetName=GND Pin=C59-1
Added Pin To Net: NetName=GND Pin=C60-1
Added Pin To Net: NetName=GND Pin=C61-1
Added Pin To Net: NetName=GND Pin=C62-1
Added Pin To Net: NetName=GND Pin=C63-1
Added Pin To Net: NetName=GND Pin=C64-1
Added Pin To Net: NetName=GND Pin=C65-1
Added Pin To Net: NetName=GND Pin=C66-1
Added Pin To Net: NetName=GND Pin=C67-1
Added Pin To Net: NetName=GND Pin=C68-1
Added Pin To Net: NetName=GND Pin=C69-1
Added Pin To Net: NetName=GND Pin=C70-1
Added Pin To Net: NetName=GND Pin=C71-1
Added Pin To Net: NetName=GND Pin=C72-1
Added Pin To Net: NetName=GND Pin=C73-1
Added Pin To Net: NetName=GND Pin=C74-1
Added Pin To Net: NetName=GND Pin=C75-1
Added Pin To Net: NetName=GND Pin=C76-1
Added Pin To Net: NetName=GND Pin=C77-1
Added Pin To Net: NetName=GND Pin=C78-1
Added Pin To Net: NetName=GND Pin=C79-1
Added Pin To Net: NetName=GND Pin=C80-1
Added Pin To Net: NetName=GND Pin=C81-1
Added Pin To Net: NetName=GND Pin=C82-1
Added Pin To Net: NetName=GND Pin=C83-1
Added Pin To Net: NetName=GND Pin=C84-1
Added Pin To Net: NetName=GND Pin=C85-1
Added Pin To Net: NetName=GND Pin=C86-1
Added Pin To Net: NetName=GND Pin=C87-1
Added Pin To Net: NetName=GND Pin=C88-1
Added Pin To Net: NetName=GND Pin=C89-1
Added Pin To Net: NetName=GND Pin=C90-1
Added Pin To Net: NetName=GND Pin=C91-1
Added Pin To Net: NetName=GND Pin=C92-1
Added Pin To Net: NetName=GND Pin=C93-1
Added Pin To Net: NetName=GND Pin=C94-1
Added Pin To Net: NetName=GND Pin=C95-1
Added Pin To Net: NetName=GND Pin=C96-1
Added Pin To Net: NetName=GND Pin=C97-1
Added Pin To Net: NetName=GND Pin=C98-1
Added Pin To Net: NetName=GND Pin=C99-1
Added Pin To Net: NetName=GND Pin=C100-1
Added Pin To Net: NetName=GND Pin=C101-1
Added Pin To Net: NetName=GND Pin=C102-1
Added Pin To Net: NetName=GND Pin=C103-1
Added Pin To Net: NetName=GND Pin=C104-1
Added Pin To Net: NetName=GND Pin=J1-36
Added Pin To Net: NetName=GND Pin=J1-37
Added Pin To Net: NetName=GND Pin=J1-38
Added Pin To Net: NetName=GND Pin=J1-39
Added Pin To Net: NetName=GND Pin=J1-40
Added Pin To Net: NetName=GND Pin=KEY_0-6
Added Pin To Net: NetName=GND Pin=KEY_1-6
Added Pin To Net: NetName=GND Pin=KEY_2-6
Added Pin To Net: NetName=GND Pin=KEY_3-6
Added Pin To Net: NetName=GND Pin=KEY_4-6
Added Pin To Net: NetName=GND Pin=KEY_5-6
Added Pin To Net: NetName=GND Pin=KEY_6-6
Added Pin To Net: NetName=GND Pin=KEY_7-6
Added Pin To Net: NetName=GND Pin=KEY_8-6
Added Pin To Net: NetName=GND Pin=KEY_9-6
Added Pin To Net: NetName=GND Pin=KEY_A-6
Added Pin To Net: NetName=GND Pin=KEY_ADD-6
Added Pin To Net: NetName=GND Pin=KEY_B-6
Added Pin To Net: NetName=GND Pin=KEY_Backslash-6
Added Pin To Net: NetName=GND Pin=KEY_Backspace-6
Added Pin To Net: NetName=GND Pin=KEY_BackwardSquareBracket-6
Added Pin To Net: NetName=GND Pin=KEY_C-6
Added Pin To Net: NetName=GND Pin=KEY_CapsLock-6
Added Pin To Net: NetName=GND Pin=KEY_Colon-6
Added Pin To Net: NetName=GND Pin=KEY_Comma-6
Added Pin To Net: NetName=GND Pin=KEY_D-6
Added Pin To Net: NetName=GND Pin=KEY_Delete-6
Added Pin To Net: NetName=GND Pin=KEY_DOWN-6
Added Pin To Net: NetName=GND Pin=KEY_E-6
Added Pin To Net: NetName=GND Pin=KEY_End-6
Added Pin To Net: NetName=GND Pin=KEY_Enter-6
Added Pin To Net: NetName=GND Pin=KEY_ESC-6
Added Pin To Net: NetName=GND Pin=KEY_F-6
Added Pin To Net: NetName=GND Pin=KEY_F1-6
Added Pin To Net: NetName=GND Pin=KEY_F2-6
Added Pin To Net: NetName=GND Pin=KEY_F3-6
Added Pin To Net: NetName=GND Pin=KEY_F4-6
Added Pin To Net: NetName=GND Pin=KEY_F5-6
Added Pin To Net: NetName=GND Pin=KEY_F6-6
Added Pin To Net: NetName=GND Pin=KEY_F7-6
Added Pin To Net: NetName=GND Pin=KEY_F8-6
Added Pin To Net: NetName=GND Pin=KEY_F9-6
Added Pin To Net: NetName=GND Pin=KEY_F10-6
Added Pin To Net: NetName=GND Pin=KEY_F11-6
Added Pin To Net: NetName=GND Pin=KEY_F12-6
Added Pin To Net: NetName=GND Pin=KEY_Fn-6
Added Pin To Net: NetName=GND Pin=KEY_ForwardSquareBracket-6
Added Pin To Net: NetName=GND Pin=KEY_FullStop-6
Added Pin To Net: NetName=GND Pin=KEY_G-6
Added Pin To Net: NetName=GND Pin=KEY_H-6
Added Pin To Net: NetName=GND Pin=KEY_Home-6
Added Pin To Net: NetName=GND Pin=KEY_I-6
Added Pin To Net: NetName=GND Pin=KEY_Insert-6
Added Pin To Net: NetName=GND Pin=KEY_J-6
Added Pin To Net: NetName=GND Pin=KEY_K-6
Added Pin To Net: NetName=GND Pin=KEY_L-6
Added Pin To Net: NetName=GND Pin=KEY_LAlt-6
Added Pin To Net: NetName=GND Pin=KEY_LCtrl-6
Added Pin To Net: NetName=GND Pin=KEY_LEFT-6
Added Pin To Net: NetName=GND Pin=KEY_LShift-6
Added Pin To Net: NetName=GND Pin=KEY_LWin-6
Added Pin To Net: NetName=GND Pin=KEY_M-6
Added Pin To Net: NetName=GND Pin=KEY_N-6
Added Pin To Net: NetName=GND Pin=KEY_Num0-6
Added Pin To Net: NetName=GND Pin=KEY_Num1-6
Added Pin To Net: NetName=GND Pin=KEY_Num2-6
Added Pin To Net: NetName=GND Pin=KEY_Num3-6
Added Pin To Net: NetName=GND Pin=KEY_Num4-6
Added Pin To Net: NetName=GND Pin=KEY_Num5-6
Added Pin To Net: NetName=GND Pin=KEY_Num6-6
Added Pin To Net: NetName=GND Pin=KEY_Num7-6
Added Pin To Net: NetName=GND Pin=KEY_Num8-6
Added Pin To Net: NetName=GND Pin=KEY_Num9-6
Added Pin To Net: NetName=GND Pin=KEY_NumADD-6
Added Pin To Net: NetName=GND Pin=KEY_NumDIV-6
Added Pin To Net: NetName=GND Pin=KEY_NumEnter-6
Added Pin To Net: NetName=GND Pin=KEY_NumFullStop-6
Added Pin To Net: NetName=GND Pin=KEY_NumLock-6
Added Pin To Net: NetName=GND Pin=KEY_NumMUL-6
Added Pin To Net: NetName=GND Pin=KEY_NumSUB-6
Added Pin To Net: NetName=GND Pin=KEY_O-6
Added Pin To Net: NetName=GND Pin=KEY_P-6
Added Pin To Net: NetName=GND Pin=KEY_Pause-6
Added Pin To Net: NetName=GND Pin=KEY_PgDn-6
Added Pin To Net: NetName=GND Pin=KEY_PgUp-6
Added Pin To Net: NetName=GND Pin=KEY_PrtSc-6
Added Pin To Net: NetName=GND Pin=KEY_Q-6
Added Pin To Net: NetName=GND Pin=KEY_Quotation-6
Added Pin To Net: NetName=GND Pin=KEY_R-6
Added Pin To Net: NetName=GND Pin=KEY_RAlt-6
Added Pin To Net: NetName=GND Pin=KEY_RCtrl-6
Added Pin To Net: NetName=GND Pin=KEY_RIGHT-6
Added Pin To Net: NetName=GND Pin=KEY_RShift-6
Added Pin To Net: NetName=GND Pin=KEY_RWin-6
Added Pin To Net: NetName=GND Pin=KEY_S-6
Added Pin To Net: NetName=GND Pin=KEY_ScrollLock-6
Added Pin To Net: NetName=GND Pin=KEY_Slash-6
Added Pin To Net: NetName=GND Pin=KEY_Space-6
Added Pin To Net: NetName=GND Pin=KEY_SUB-6
Added Pin To Net: NetName=GND Pin=KEY_T-6
Added Pin To Net: NetName=GND Pin=KEY_Tab-6
Added Pin To Net: NetName=GND Pin=KEY_U-6
Added Pin To Net: NetName=GND Pin=KEY_UP-6
Added Pin To Net: NetName=GND Pin=KEY_V-6
Added Pin To Net: NetName=GND Pin=KEY_W-6
Added Pin To Net: NetName=GND Pin=KEY_WAVE-6
Added Pin To Net: NetName=GND Pin=KEY_X-6
Added Pin To Net: NetName=GND Pin=KEY_Y-6
Added Pin To Net: NetName=GND Pin=KEY_Z-6
Added Net: Name=GND
Added Pin To Net: NetName=MCU_DOUT Pin=J1-28
Added Pin To Net: NetName=MCU_DOUT Pin=R0-2
Added Net: Name=MCU_DOUT
Added Pin To Net: NetName=NetC54_2 Pin=C54-2
Added Pin To Net: NetName=NetC54_2 Pin=KEY_PgDn-5
Added Net: Name=NetC54_2
Added Pin To Net: NetName=NetKEY_0_1 Pin=KEY_0-1
Added Pin To Net: NetName=NetKEY_0_1 Pin=KEY_1-1
Added Pin To Net: NetName=NetKEY_0_1 Pin=KEY_2-1
Added Pin To Net: NetName=NetKEY_0_1 Pin=KEY_3-1
Added Pin To Net: NetName=NetKEY_0_1 Pin=KEY_4-1
Added Pin To Net: NetName=NetKEY_0_1 Pin=KEY_5-1
Added Pin To Net: NetName=NetKEY_0_1 Pin=KEY_6-1
Added Pin To Net: NetName=NetKEY_0_1 Pin=KEY_7-1
Added Pin To Net: NetName=NetKEY_0_1 Pin=KEY_8-1
Added Pin To Net: NetName=NetKEY_0_1 Pin=KEY_9-1
Added Pin To Net: NetName=NetKEY_0_1 Pin=KEY_ADD-1
Added Pin To Net: NetName=NetKEY_0_1 Pin=KEY_Backspace-1
Added Pin To Net: NetName=NetKEY_0_1 Pin=KEY_Home-1
Added Pin To Net: NetName=NetKEY_0_1 Pin=KEY_Insert-1
Added Pin To Net: NetName=NetKEY_0_1 Pin=KEY_NumDIV-1
Added Pin To Net: NetName=NetKEY_0_1 Pin=KEY_NumLock-1
Added Pin To Net: NetName=NetKEY_0_1 Pin=KEY_NumMUL-1
Added Pin To Net: NetName=NetKEY_0_1 Pin=KEY_NumSUB-1
Added Pin To Net: NetName=NetKEY_0_1 Pin=KEY_PgUp-1
Added Pin To Net: NetName=NetKEY_0_1 Pin=KEY_SUB-1
Added Pin To Net: NetName=NetKEY_0_1 Pin=KEY_WAVE-1
Added Pin To Net: NetName=NetKEY_0_1 Pin=R4-1
Added Pin To Net: NetName=NetKEY_0_1 Pin=R5-2
Added Net: Name=NetKEY_0_1
Added Pin To Net: NetName=NetKEY_0_3 Pin=KEY_0-3
Added Pin To Net: NetName=NetKEY_0_3 Pin=KEY_9-4
Added Net: Name=NetKEY_0_3
Added Pin To Net: NetName=NetKEY_0_4 Pin=KEY_0-4
Added Pin To Net: NetName=NetKEY_0_4 Pin=KEY_SUB-3
Added Net: Name=NetKEY_0_4
Added Pin To Net: NetName=NetKEY_1_3 Pin=KEY_1-3
Added Pin To Net: NetName=NetKEY_1_3 Pin=KEY_WAVE-4
Added Net: Name=NetKEY_1_3
Added Pin To Net: NetName=NetKEY_1_4 Pin=KEY_1-4
Added Pin To Net: NetName=NetKEY_1_4 Pin=KEY_2-3
Added Net: Name=NetKEY_1_4
Added Pin To Net: NetName=NetKEY_2_4 Pin=KEY_2-4
Added Pin To Net: NetName=NetKEY_2_4 Pin=KEY_3-3
Added Net: Name=NetKEY_2_4
Added Pin To Net: NetName=NetKEY_3_4 Pin=KEY_3-4
Added Pin To Net: NetName=NetKEY_3_4 Pin=KEY_4-3
Added Net: Name=NetKEY_3_4
Added Pin To Net: NetName=NetKEY_4_4 Pin=KEY_4-4
Added Pin To Net: NetName=NetKEY_4_4 Pin=KEY_5-3
Added Net: Name=NetKEY_4_4
Added Pin To Net: NetName=NetKEY_5_4 Pin=KEY_5-4
Added Pin To Net: NetName=NetKEY_5_4 Pin=KEY_6-3
Added Net: Name=NetKEY_5_4
Added Pin To Net: NetName=NetKEY_6_4 Pin=KEY_6-4
Added Pin To Net: NetName=NetKEY_6_4 Pin=KEY_7-3
Added Net: Name=NetKEY_6_4
Added Pin To Net: NetName=NetKEY_7_4 Pin=KEY_7-4
Added Pin To Net: NetName=NetKEY_7_4 Pin=KEY_8-3
Added Net: Name=NetKEY_7_4
Added Pin To Net: NetName=NetKEY_8_4 Pin=KEY_8-4
Added Pin To Net: NetName=NetKEY_8_4 Pin=KEY_9-3
Added Net: Name=NetKEY_8_4
Added Pin To Net: NetName=NetKEY_A_1 Pin=KEY_A-1
Added Pin To Net: NetName=NetKEY_A_1 Pin=KEY_CapsLock-1
Added Pin To Net: NetName=NetKEY_A_1 Pin=KEY_Colon-1
Added Pin To Net: NetName=NetKEY_A_1 Pin=KEY_D-1
Added Pin To Net: NetName=NetKEY_A_1 Pin=KEY_Enter-1
Added Pin To Net: NetName=NetKEY_A_1 Pin=KEY_F-1
Added Pin To Net: NetName=NetKEY_A_1 Pin=KEY_G-1
Added Pin To Net: NetName=NetKEY_A_1 Pin=KEY_H-1
Added Pin To Net: NetName=NetKEY_A_1 Pin=KEY_J-1
Added Pin To Net: NetName=NetKEY_A_1 Pin=KEY_K-1
Added Pin To Net: NetName=NetKEY_A_1 Pin=KEY_L-1
Added Pin To Net: NetName=NetKEY_A_1 Pin=KEY_Num4-1
Added Pin To Net: NetName=NetKEY_A_1 Pin=KEY_Num5-1
Added Pin To Net: NetName=NetKEY_A_1 Pin=KEY_Num6-1
Added Pin To Net: NetName=NetKEY_A_1 Pin=KEY_Quotation-1
Added Pin To Net: NetName=NetKEY_A_1 Pin=KEY_S-1
Added Pin To Net: NetName=NetKEY_A_1 Pin=R8-1
Added Pin To Net: NetName=NetKEY_A_1 Pin=R9-2
Added Net: Name=NetKEY_A_1
Added Pin To Net: NetName=NetKEY_A_3 Pin=KEY_A-3
Added Pin To Net: NetName=NetKEY_A_3 Pin=KEY_CapsLock-4
Added Net: Name=NetKEY_A_3
Added Pin To Net: NetName=NetKEY_A_4 Pin=KEY_A-4
Added Pin To Net: NetName=NetKEY_A_4 Pin=KEY_S-3
Added Net: Name=NetKEY_A_4
Added Pin To Net: NetName=NetKEY_ADD_3 Pin=KEY_ADD-3
Added Pin To Net: NetName=NetKEY_ADD_3 Pin=KEY_SUB-4
Added Net: Name=NetKEY_ADD_3
Added Pin To Net: NetName=NetKEY_ADD_4 Pin=KEY_ADD-4
Added Pin To Net: NetName=NetKEY_ADD_4 Pin=KEY_Backspace-3
Added Net: Name=NetKEY_ADD_4
Added Pin To Net: NetName=NetKEY_B_1 Pin=KEY_B-1
Added Pin To Net: NetName=NetKEY_B_1 Pin=KEY_C-1
Added Pin To Net: NetName=NetKEY_B_1 Pin=KEY_Comma-1
Added Pin To Net: NetName=NetKEY_B_1 Pin=KEY_FullStop-1
Added Pin To Net: NetName=NetKEY_B_1 Pin=KEY_LShift-1
Added Pin To Net: NetName=NetKEY_B_1 Pin=KEY_M-1
Added Pin To Net: NetName=NetKEY_B_1 Pin=KEY_N-1
Added Pin To Net: NetName=NetKEY_B_1 Pin=KEY_Num1-1
Added Pin To Net: NetName=NetKEY_B_1 Pin=KEY_Num2-1
Added Pin To Net: NetName=NetKEY_B_1 Pin=KEY_Num3-1
Added Pin To Net: NetName=NetKEY_B_1 Pin=KEY_NumEnter-1
Added Pin To Net: NetName=NetKEY_B_1 Pin=KEY_RShift-1
Added Pin To Net: NetName=NetKEY_B_1 Pin=KEY_Slash-1
Added Pin To Net: NetName=NetKEY_B_1 Pin=KEY_UP-1
Added Pin To Net: NetName=NetKEY_B_1 Pin=KEY_V-1
Added Pin To Net: NetName=NetKEY_B_1 Pin=KEY_X-1
Added Pin To Net: NetName=NetKEY_B_1 Pin=KEY_Z-1
Added Pin To Net: NetName=NetKEY_B_1 Pin=R10-1
Added Pin To Net: NetName=NetKEY_B_1 Pin=R11-2
Added Net: Name=NetKEY_B_1
Added Pin To Net: NetName=NetKEY_B_3 Pin=KEY_B-3
Added Pin To Net: NetName=NetKEY_B_3 Pin=KEY_V-4
Added Net: Name=NetKEY_B_3
Added Pin To Net: NetName=NetKEY_B_4 Pin=KEY_B-4
Added Pin To Net: NetName=NetKEY_B_4 Pin=KEY_N-3
Added Net: Name=NetKEY_B_4
Added Pin To Net: NetName=NetKEY_Backslash_1 Pin=KEY_Backslash-1
Added Pin To Net: NetName=NetKEY_Backslash_1 Pin=KEY_BackwardSquareBracket-1
Added Pin To Net: NetName=NetKEY_Backslash_1 Pin=KEY_Delete-1
Added Pin To Net: NetName=NetKEY_Backslash_1 Pin=KEY_E-1
Added Pin To Net: NetName=NetKEY_Backslash_1 Pin=KEY_End-1
Added Pin To Net: NetName=NetKEY_Backslash_1 Pin=KEY_ForwardSquareBracket-1
Added Pin To Net: NetName=NetKEY_Backslash_1 Pin=KEY_I-1
Added Pin To Net: NetName=NetKEY_Backslash_1 Pin=KEY_Num7-1
Added Pin To Net: NetName=NetKEY_Backslash_1 Pin=KEY_Num8-1
Added Pin To Net: NetName=NetKEY_Backslash_1 Pin=KEY_Num9-1
Added Pin To Net: NetName=NetKEY_Backslash_1 Pin=KEY_NumADD-1
Added Pin To Net: NetName=NetKEY_Backslash_1 Pin=KEY_O-1
Added Pin To Net: NetName=NetKEY_Backslash_1 Pin=KEY_P-1
Added Pin To Net: NetName=NetKEY_Backslash_1 Pin=KEY_PgDn-1
Added Pin To Net: NetName=NetKEY_Backslash_1 Pin=KEY_Q-1
Added Pin To Net: NetName=NetKEY_Backslash_1 Pin=KEY_R-1
Added Pin To Net: NetName=NetKEY_Backslash_1 Pin=KEY_T-1
Added Pin To Net: NetName=NetKEY_Backslash_1 Pin=KEY_Tab-1
Added Pin To Net: NetName=NetKEY_Backslash_1 Pin=KEY_U-1
Added Pin To Net: NetName=NetKEY_Backslash_1 Pin=KEY_W-1
Added Pin To Net: NetName=NetKEY_Backslash_1 Pin=KEY_Y-1
Added Pin To Net: NetName=NetKEY_Backslash_1 Pin=R6-1
Added Pin To Net: NetName=NetKEY_Backslash_1 Pin=R7-2
Added Net: Name=NetKEY_Backslash_1
Added Pin To Net: NetName=NetKEY_Backslash_3 Pin=KEY_Backslash-3
Added Pin To Net: NetName=NetKEY_Backslash_3 Pin=KEY_BackwardSquareBracket-4
Added Net: Name=NetKEY_Backslash_3
Added Pin To Net: NetName=NetKEY_Backslash_4 Pin=KEY_Backslash-4
Added Pin To Net: NetName=NetKEY_Backslash_4 Pin=KEY_Delete-3
Added Net: Name=NetKEY_Backslash_4
Added Pin To Net: NetName=NetKEY_Backspace_4 Pin=KEY_Backspace-4
Added Pin To Net: NetName=NetKEY_Backspace_4 Pin=KEY_Insert-3
Added Net: Name=NetKEY_Backspace_4
Added Pin To Net: NetName=NetKEY_BackwardSquareBracket_3 Pin=KEY_BackwardSquareBracket-3
Added Pin To Net: NetName=NetKEY_BackwardSquareBracket_3 Pin=KEY_ForwardSquareBracket-4
Added Net: Name=NetKEY_BackwardSquareBracket_3
Added Pin To Net: NetName=NetKEY_C_3 Pin=KEY_C-3
Added Pin To Net: NetName=NetKEY_C_3 Pin=KEY_X-4
Added Net: Name=NetKEY_C_3
Added Pin To Net: NetName=NetKEY_C_4 Pin=KEY_C-4
Added Pin To Net: NetName=NetKEY_C_4 Pin=KEY_V-3
Added Net: Name=NetKEY_C_4
Added Pin To Net: NetName=NetKEY_CapsLock_3 Pin=KEY_CapsLock-3
Added Pin To Net: NetName=NetKEY_CapsLock_3 Pin=KEY_NumEnter-4
Added Net: Name=NetKEY_CapsLock_3
Added Pin To Net: NetName=NetKEY_Colon_3 Pin=KEY_Colon-3
Added Pin To Net: NetName=NetKEY_Colon_3 Pin=KEY_L-4
Added Net: Name=NetKEY_Colon_3
Added Pin To Net: NetName=NetKEY_Colon_4 Pin=KEY_Colon-4
Added Pin To Net: NetName=NetKEY_Colon_4 Pin=KEY_Quotation-3
Added Net: Name=NetKEY_Colon_4
Added Pin To Net: NetName=NetKEY_Comma_3 Pin=KEY_Comma-3
Added Pin To Net: NetName=NetKEY_Comma_3 Pin=KEY_M-4
Added Net: Name=NetKEY_Comma_3
Added Pin To Net: NetName=NetKEY_Comma_4 Pin=KEY_Comma-4
Added Pin To Net: NetName=NetKEY_Comma_4 Pin=KEY_FullStop-3
Added Net: Name=NetKEY_Comma_4
Added Pin To Net: NetName=NetKEY_D_3 Pin=KEY_D-3
Added Pin To Net: NetName=NetKEY_D_3 Pin=KEY_S-4
Added Net: Name=NetKEY_D_3
Added Pin To Net: NetName=NetKEY_D_4 Pin=KEY_D-4
Added Pin To Net: NetName=NetKEY_D_4 Pin=KEY_F-3
Added Net: Name=NetKEY_D_4
Added Pin To Net: NetName=NetKEY_Delete_4 Pin=KEY_Delete-4
Added Pin To Net: NetName=NetKEY_Delete_4 Pin=KEY_End-3
Added Net: Name=NetKEY_Delete_4
Added Pin To Net: NetName=NetKEY_DOWN_1 Pin=KEY_DOWN-1
Added Pin To Net: NetName=NetKEY_DOWN_1 Pin=KEY_Fn-1
Added Pin To Net: NetName=NetKEY_DOWN_1 Pin=KEY_LAlt-1
Added Pin To Net: NetName=NetKEY_DOWN_1 Pin=KEY_LCtrl-1
Added Pin To Net: NetName=NetKEY_DOWN_1 Pin=KEY_LEFT-1
Added Pin To Net: NetName=NetKEY_DOWN_1 Pin=KEY_LWin-1
Added Pin To Net: NetName=NetKEY_DOWN_1 Pin=KEY_Num0-1
Added Pin To Net: NetName=NetKEY_DOWN_1 Pin=KEY_NumFullStop-1
Added Pin To Net: NetName=NetKEY_DOWN_1 Pin=KEY_RAlt-1
Added Pin To Net: NetName=NetKEY_DOWN_1 Pin=KEY_RCtrl-1
Added Pin To Net: NetName=NetKEY_DOWN_1 Pin=KEY_RIGHT-1
Added Pin To Net: NetName=NetKEY_DOWN_1 Pin=KEY_RWin-1
Added Pin To Net: NetName=NetKEY_DOWN_1 Pin=KEY_Space-1
Added Pin To Net: NetName=NetKEY_DOWN_1 Pin=R12-1
Added Pin To Net: NetName=NetKEY_DOWN_1 Pin=R13-2
Added Net: Name=NetKEY_DOWN_1
Added Pin To Net: NetName=NetKEY_DOWN_3 Pin=KEY_DOWN-3
Added Pin To Net: NetName=NetKEY_DOWN_3 Pin=KEY_LEFT-4
Added Net: Name=NetKEY_DOWN_3
Added Pin To Net: NetName=NetKEY_DOWN_4 Pin=KEY_DOWN-4
Added Pin To Net: NetName=NetKEY_DOWN_4 Pin=KEY_RIGHT-3
Added Net: Name=NetKEY_DOWN_4
Added Pin To Net: NetName=NetKEY_E_3 Pin=KEY_E-3
Added Pin To Net: NetName=NetKEY_E_3 Pin=KEY_W-4
Added Net: Name=NetKEY_E_3
Added Pin To Net: NetName=NetKEY_E_4 Pin=KEY_E-4
Added Pin To Net: NetName=NetKEY_E_4 Pin=KEY_R-3
Added Net: Name=NetKEY_E_4
Added Pin To Net: NetName=NetKEY_End_4 Pin=KEY_End-4
Added Pin To Net: NetName=NetKEY_End_4 Pin=KEY_PgDn-3
Added Net: Name=NetKEY_End_4
Added Pin To Net: NetName=NetKEY_Enter_3 Pin=KEY_Enter-3
Added Pin To Net: NetName=NetKEY_Enter_3 Pin=KEY_Quotation-4
Added Net: Name=NetKEY_Enter_3
Added Pin To Net: NetName=NetKEY_Enter_4 Pin=KEY_Enter-4
Added Pin To Net: NetName=NetKEY_Enter_4 Pin=KEY_Num4-3
Added Net: Name=NetKEY_Enter_4
Added Pin To Net: NetName=NetKEY_ESC_1 Pin=KEY_ESC-1
Added Pin To Net: NetName=NetKEY_ESC_1 Pin=KEY_F1-1
Added Pin To Net: NetName=NetKEY_ESC_1 Pin=KEY_F2-1
Added Pin To Net: NetName=NetKEY_ESC_1 Pin=KEY_F3-1
Added Pin To Net: NetName=NetKEY_ESC_1 Pin=KEY_F4-1
Added Pin To Net: NetName=NetKEY_ESC_1 Pin=KEY_F5-1
Added Pin To Net: NetName=NetKEY_ESC_1 Pin=KEY_F6-1
Added Pin To Net: NetName=NetKEY_ESC_1 Pin=KEY_F7-1
Added Pin To Net: NetName=NetKEY_ESC_1 Pin=KEY_F8-1
Added Pin To Net: NetName=NetKEY_ESC_1 Pin=KEY_F9-1
Added Pin To Net: NetName=NetKEY_ESC_1 Pin=KEY_F10-1
Added Pin To Net: NetName=NetKEY_ESC_1 Pin=KEY_F11-1
Added Pin To Net: NetName=NetKEY_ESC_1 Pin=KEY_F12-1
Added Pin To Net: NetName=NetKEY_ESC_1 Pin=KEY_Pause-1
Added Pin To Net: NetName=NetKEY_ESC_1 Pin=KEY_PrtSc-1
Added Pin To Net: NetName=NetKEY_ESC_1 Pin=KEY_ScrollLock-1
Added Pin To Net: NetName=NetKEY_ESC_1 Pin=R2-1
Added Pin To Net: NetName=NetKEY_ESC_1 Pin=R3-2
Added Net: Name=NetKEY_ESC_1
Added Pin To Net: NetName=NetKEY_ESC_3 Pin=KEY_ESC-3
Added Pin To Net: NetName=NetKEY_ESC_3 Pin=KEY_NumSUB-4
Added Net: Name=NetKEY_ESC_3
Added Pin To Net: NetName=NetKEY_ESC_4 Pin=KEY_ESC-4
Added Pin To Net: NetName=NetKEY_ESC_4 Pin=KEY_F1-3
Added Net: Name=NetKEY_ESC_4
Added Pin To Net: NetName=NetKEY_F1_4 Pin=KEY_F1-4
Added Pin To Net: NetName=NetKEY_F1_4 Pin=KEY_F2-3
Added Net: Name=NetKEY_F1_4
Added Pin To Net: NetName=NetKEY_F2_4 Pin=KEY_F2-4
Added Pin To Net: NetName=NetKEY_F2_4 Pin=KEY_F3-3
Added Net: Name=NetKEY_F2_4
Added Pin To Net: NetName=NetKEY_F3_4 Pin=KEY_F3-4
Added Pin To Net: NetName=NetKEY_F3_4 Pin=KEY_F4-3
Added Net: Name=NetKEY_F3_4
Added Pin To Net: NetName=NetKEY_F4_4 Pin=KEY_F4-4
Added Pin To Net: NetName=NetKEY_F4_4 Pin=KEY_F5-3
Added Net: Name=NetKEY_F4_4
Added Pin To Net: NetName=NetKEY_F5_4 Pin=KEY_F5-4
Added Pin To Net: NetName=NetKEY_F5_4 Pin=KEY_F6-3
Added Net: Name=NetKEY_F5_4
Added Pin To Net: NetName=NetKEY_F6_4 Pin=KEY_F6-4
Added Pin To Net: NetName=NetKEY_F6_4 Pin=KEY_F7-3
Added Net: Name=NetKEY_F6_4
Added Pin To Net: NetName=NetKEY_F7_4 Pin=KEY_F7-4
Added Pin To Net: NetName=NetKEY_F7_4 Pin=KEY_F8-3
Added Net: Name=NetKEY_F7_4
Added Pin To Net: NetName=NetKEY_F8_4 Pin=KEY_F8-4
Added Pin To Net: NetName=NetKEY_F8_4 Pin=KEY_F9-3
Added Net: Name=NetKEY_F8_4
Added Pin To Net: NetName=NetKEY_F9_4 Pin=KEY_F9-4
Added Pin To Net: NetName=NetKEY_F9_4 Pin=KEY_F10-3
Added Net: Name=NetKEY_F9_4
Added Pin To Net: NetName=NetKEY_F10_4 Pin=KEY_F10-4
Added Pin To Net: NetName=NetKEY_F10_4 Pin=KEY_F11-3
Added Net: Name=NetKEY_F10_4
Added Pin To Net: NetName=NetKEY_F11_4 Pin=KEY_F11-4
Added Pin To Net: NetName=NetKEY_F11_4 Pin=KEY_F12-3
Added Net: Name=NetKEY_F11_4
Added Pin To Net: NetName=NetKEY_F12_4 Pin=KEY_F12-4
Added Pin To Net: NetName=NetKEY_F12_4 Pin=KEY_PrtSc-3
Added Net: Name=NetKEY_F12_4
Added Pin To Net: NetName=NetKEY_F_4 Pin=KEY_F-4
Added Pin To Net: NetName=NetKEY_F_4 Pin=KEY_G-3
Added Net: Name=NetKEY_F_4
Added Pin To Net: NetName=NetKEY_Fn_3 Pin=KEY_Fn-3
Added Pin To Net: NetName=NetKEY_Fn_3 Pin=KEY_RWin-4
Added Net: Name=NetKEY_Fn_3
Added Pin To Net: NetName=NetKEY_Fn_4 Pin=KEY_Fn-4
Added Pin To Net: NetName=NetKEY_Fn_4 Pin=KEY_RCtrl-3
Added Net: Name=NetKEY_Fn_4
Added Pin To Net: NetName=NetKEY_ForwardSquareBracket_3 Pin=KEY_ForwardSquareBracket-3
Added Pin To Net: NetName=NetKEY_ForwardSquareBracket_3 Pin=KEY_P-4
Added Net: Name=NetKEY_ForwardSquareBracket_3
Added Pin To Net: NetName=NetKEY_FullStop_4 Pin=KEY_FullStop-4
Added Pin To Net: NetName=NetKEY_FullStop_4 Pin=KEY_Slash-3
Added Net: Name=NetKEY_FullStop_4
Added Pin To Net: NetName=NetKEY_G_4 Pin=KEY_G-4
Added Pin To Net: NetName=NetKEY_G_4 Pin=KEY_H-3
Added Net: Name=NetKEY_G_4
Added Pin To Net: NetName=NetKEY_H_4 Pin=KEY_H-4
Added Pin To Net: NetName=NetKEY_H_4 Pin=KEY_J-3
Added Net: Name=NetKEY_H_4
Added Pin To Net: NetName=NetKEY_Home_3 Pin=KEY_Home-3
Added Pin To Net: NetName=NetKEY_Home_3 Pin=KEY_Insert-4
Added Net: Name=NetKEY_Home_3
Added Pin To Net: NetName=NetKEY_Home_4 Pin=KEY_Home-4
Added Pin To Net: NetName=NetKEY_Home_4 Pin=KEY_PgUp-3
Added Net: Name=NetKEY_Home_4
Added Pin To Net: NetName=NetKEY_I_3 Pin=KEY_I-3
Added Pin To Net: NetName=NetKEY_I_3 Pin=KEY_U-4
Added Net: Name=NetKEY_I_3
Added Pin To Net: NetName=NetKEY_I_4 Pin=KEY_I-4
Added Pin To Net: NetName=NetKEY_I_4 Pin=KEY_O-3
Added Net: Name=NetKEY_I_4
Added Pin To Net: NetName=NetKEY_J_4 Pin=KEY_J-4
Added Pin To Net: NetName=NetKEY_J_4 Pin=KEY_K-3
Added Net: Name=NetKEY_J_4
Added Pin To Net: NetName=NetKEY_K_4 Pin=KEY_K-4
Added Pin To Net: NetName=NetKEY_K_4 Pin=KEY_L-3
Added Net: Name=NetKEY_K_4
Added Pin To Net: NetName=NetKEY_LAlt_3 Pin=KEY_LAlt-3
Added Pin To Net: NetName=NetKEY_LAlt_3 Pin=KEY_LWin-4
Added Net: Name=NetKEY_LAlt_3
Added Pin To Net: NetName=NetKEY_LAlt_4 Pin=KEY_LAlt-4
Added Pin To Net: NetName=NetKEY_LAlt_4 Pin=KEY_Space-3
Added Net: Name=NetKEY_LAlt_4
Added Pin To Net: NetName=NetKEY_LCtrl_3 Pin=KEY_LCtrl-3
Added Pin To Net: NetName=NetKEY_LCtrl_3 Pin=R1-2
Added Net: Name=NetKEY_LCtrl_3
Added Pin To Net: NetName=NetKEY_LCtrl_4 Pin=KEY_LCtrl-4
Added Pin To Net: NetName=NetKEY_LCtrl_4 Pin=KEY_LWin-3
Added Net: Name=NetKEY_LCtrl_4
Added Pin To Net: NetName=NetKEY_LEFT_3 Pin=KEY_LEFT-3
Added Pin To Net: NetName=NetKEY_LEFT_3 Pin=KEY_RCtrl-4
Added Net: Name=NetKEY_LEFT_3
Added Pin To Net: NetName=NetKEY_LShift_3 Pin=KEY_LShift-3
Added Pin To Net: NetName=NetKEY_LShift_3 Pin=KEY_NumFullStop-4
Added Net: Name=NetKEY_LShift_3
Added Pin To Net: NetName=NetKEY_LShift_4 Pin=KEY_LShift-4
Added Pin To Net: NetName=NetKEY_LShift_4 Pin=KEY_Z-3
Added Net: Name=NetKEY_LShift_4
Added Pin To Net: NetName=NetKEY_M_3 Pin=KEY_M-3
Added Pin To Net: NetName=NetKEY_M_3 Pin=KEY_N-4
Added Net: Name=NetKEY_M_3
Added Pin To Net: NetName=NetKEY_Num0_3 Pin=KEY_Num0-3
Added Pin To Net: NetName=NetKEY_Num0_3 Pin=KEY_RIGHT-4
Added Net: Name=NetKEY_Num0_3
Added Pin To Net: NetName=NetKEY_Num0_4 Pin=KEY_Num0-4
Added Pin To Net: NetName=NetKEY_Num0_4 Pin=KEY_NumFullStop-3
Added Net: Name=NetKEY_Num0_4
Added Pin To Net: NetName=NetKEY_Num1_3 Pin=KEY_Num1-3
Added Pin To Net: NetName=NetKEY_Num1_3 Pin=KEY_UP-4
Added Net: Name=NetKEY_Num1_3
Added Pin To Net: NetName=NetKEY_Num1_4 Pin=KEY_Num1-4
Added Pin To Net: NetName=NetKEY_Num1_4 Pin=KEY_Num2-3
Added Net: Name=NetKEY_Num1_4
Added Pin To Net: NetName=NetKEY_Num2_4 Pin=KEY_Num2-4
Added Pin To Net: NetName=NetKEY_Num2_4 Pin=KEY_Num3-3
Added Net: Name=NetKEY_Num2_4
Added Pin To Net: NetName=NetKEY_Num3_4 Pin=KEY_Num3-4
Added Pin To Net: NetName=NetKEY_Num3_4 Pin=KEY_NumEnter-3
Added Net: Name=NetKEY_Num3_4
Added Pin To Net: NetName=NetKEY_Num4_4 Pin=KEY_Num4-4
Added Pin To Net: NetName=NetKEY_Num4_4 Pin=KEY_Num5-3
Added Net: Name=NetKEY_Num4_4
Added Pin To Net: NetName=NetKEY_Num5_4 Pin=KEY_Num5-4
Added Pin To Net: NetName=NetKEY_Num5_4 Pin=KEY_Num6-3
Added Net: Name=NetKEY_Num5_4
Added Pin To Net: NetName=NetKEY_Num6_4 Pin=KEY_Num6-4
Added Pin To Net: NetName=NetKEY_Num6_4 Pin=KEY_Tab-3
Added Net: Name=NetKEY_Num6_4
Added Pin To Net: NetName=NetKEY_Num7_3 Pin=KEY_Num7-3
Added Pin To Net: NetName=NetKEY_Num7_3 Pin=KEY_PgDn-4
Added Net: Name=NetKEY_Num7_3
Added Pin To Net: NetName=NetKEY_Num7_4 Pin=KEY_Num7-4
Added Pin To Net: NetName=NetKEY_Num7_4 Pin=KEY_Num8-3
Added Net: Name=NetKEY_Num7_4
Added Pin To Net: NetName=NetKEY_Num8_4 Pin=KEY_Num8-4
Added Pin To Net: NetName=NetKEY_Num8_4 Pin=KEY_Num9-3
Added Net: Name=NetKEY_Num8_4
Added Pin To Net: NetName=NetKEY_Num9_4 Pin=KEY_Num9-4
Added Pin To Net: NetName=NetKEY_Num9_4 Pin=KEY_NumADD-3
Added Net: Name=NetKEY_Num9_4
Added Pin To Net: NetName=NetKEY_NumADD_4 Pin=KEY_NumADD-4
Added Pin To Net: NetName=NetKEY_NumADD_4 Pin=KEY_WAVE-3
Added Net: Name=NetKEY_NumADD_4
Added Pin To Net: NetName=NetKEY_NumDIV_3 Pin=KEY_NumDIV-3
Added Pin To Net: NetName=NetKEY_NumDIV_3 Pin=KEY_NumLock-4
Added Net: Name=NetKEY_NumDIV_3
Added Pin To Net: NetName=NetKEY_NumDIV_4 Pin=KEY_NumDIV-4
Added Pin To Net: NetName=NetKEY_NumDIV_4 Pin=KEY_NumMUL-3
Added Net: Name=NetKEY_NumDIV_4
Added Pin To Net: NetName=NetKEY_NumLock_3 Pin=KEY_NumLock-3
Added Pin To Net: NetName=NetKEY_NumLock_3 Pin=KEY_PgUp-4
Added Net: Name=NetKEY_NumLock_3
Added Pin To Net: NetName=NetKEY_NumMUL_4 Pin=KEY_NumMUL-4
Added Pin To Net: NetName=NetKEY_NumMUL_4 Pin=KEY_NumSUB-3
Added Net: Name=NetKEY_NumMUL_4
Added Pin To Net: NetName=NetKEY_O_4 Pin=KEY_O-4
Added Pin To Net: NetName=NetKEY_O_4 Pin=KEY_P-3
Added Net: Name=NetKEY_O_4
Added Pin To Net: NetName=NetKEY_Pause_3 Pin=KEY_Pause-3
Added Pin To Net: NetName=NetKEY_Pause_3 Pin=KEY_ScrollLock-4
Added Net: Name=NetKEY_Pause_3
Added Pin To Net: NetName=NetKEY_Pause_4 Pin=KEY_Pause-4
Added Pin To Net: NetName=NetKEY_Pause_4 Pin=R0-1
Added Net: Name=NetKEY_Pause_4
Added Pin To Net: NetName=NetKEY_PrtSc_4 Pin=KEY_PrtSc-4
Added Pin To Net: NetName=NetKEY_PrtSc_4 Pin=KEY_ScrollLock-3
Added Net: Name=NetKEY_PrtSc_4
Added Pin To Net: NetName=NetKEY_Q_3 Pin=KEY_Q-3
Added Pin To Net: NetName=NetKEY_Q_3 Pin=KEY_Tab-4
Added Net: Name=NetKEY_Q_3
Added Pin To Net: NetName=NetKEY_Q_4 Pin=KEY_Q-4
Added Pin To Net: NetName=NetKEY_Q_4 Pin=KEY_W-3
Added Net: Name=NetKEY_Q_4
Added Pin To Net: NetName=NetKEY_R_4 Pin=KEY_R-4
Added Pin To Net: NetName=NetKEY_R_4 Pin=KEY_T-3
Added Net: Name=NetKEY_R_4
Added Pin To Net: NetName=NetKEY_RAlt_3 Pin=KEY_RAlt-3
Added Pin To Net: NetName=NetKEY_RAlt_3 Pin=KEY_Space-4
Added Net: Name=NetKEY_RAlt_3
Added Pin To Net: NetName=NetKEY_RAlt_4 Pin=KEY_RAlt-4
Added Pin To Net: NetName=NetKEY_RAlt_4 Pin=KEY_RWin-3
Added Net: Name=NetKEY_RAlt_4
Added Pin To Net: NetName=NetKEY_RShift_3 Pin=KEY_RShift-3
Added Pin To Net: NetName=NetKEY_RShift_3 Pin=KEY_Slash-4
Added Net: Name=NetKEY_RShift_3
Added Pin To Net: NetName=NetKEY_RShift_4 Pin=KEY_RShift-4
Added Pin To Net: NetName=NetKEY_RShift_4 Pin=KEY_UP-3
Added Net: Name=NetKEY_RShift_4
Added Pin To Net: NetName=NetKEY_T_4 Pin=KEY_T-4
Added Pin To Net: NetName=NetKEY_T_4 Pin=KEY_Y-3
Added Net: Name=NetKEY_T_4
Added Pin To Net: NetName=NetKEY_U_3 Pin=KEY_U-3
Added Pin To Net: NetName=NetKEY_U_3 Pin=KEY_Y-4
Added Net: Name=NetKEY_U_3
Added Pin To Net: NetName=NetKEY_X_3 Pin=KEY_X-3
Added Pin To Net: NetName=NetKEY_X_3 Pin=KEY_Z-4
Added Net: Name=NetKEY_X_3
Added Pin To Net: NetName=ROW1 Pin=J1-1
Added Pin To Net: NetName=ROW1 Pin=R3-1
Added Net: Name=ROW1
Added Pin To Net: NetName=ROW2 Pin=J1-2
Added Pin To Net: NetName=ROW2 Pin=R5-1
Added Net: Name=ROW2
Added Pin To Net: NetName=ROW3 Pin=J1-3
Added Pin To Net: NetName=ROW3 Pin=R7-1
Added Net: Name=ROW3
Added Pin To Net: NetName=ROW4 Pin=J1-4
Added Pin To Net: NetName=ROW4 Pin=R9-1
Added Net: Name=ROW4
Added Pin To Net: NetName=ROW5 Pin=J1-5
Added Pin To Net: NetName=ROW5 Pin=R11-1
Added Net: Name=ROW5
Added Pin To Net: NetName=ROW6 Pin=J1-6
Added Pin To Net: NetName=ROW6 Pin=R13-1
Added Net: Name=ROW6
Added Class: Name=NutX_Keyboard_PCB_ANSI104
