Replace Part C? CAP in D:\Org-EdgeGravity\NutX_Keyboard\NutX_Keyboard_PCB_ANSI104\NutX_Keyboard_PCB_ANSI104.SchDoc with CAP from 电容.IntLib
Replace Part C? CAP in D:\Org-EdgeGravity\NutX_Keyboard\NutX_Keyboard_PCB_ANSI104\NutX_Keyboard_PCB_ANSI104.SchDoc with CAP from 电容.IntLib
Replace Part C? CAP in D:\Org-EdgeGravity\NutX_Keyboard\NutX_Keyboard_PCB_ANSI104\NutX_Keyboard_PCB_ANSI104.SchDoc with CAP from 电容.IntLib
Replace Part C? CAP in D:\Org-EdgeGravity\NutX_Keyboard\NutX_Keyboard_PCB_ANSI104\NutX_Keyboard_PCB_ANSI104.SchDoc with CAP from 电容.IntLib
Replace Part C? CAP in D:\Org-EdgeGravity\NutX_Keyboard\NutX_Keyboard_PCB_ANSI104\NutX_Keyboard_PCB_ANSI104.SchDoc with CAP from 电容.IntLib
Replace Part C? CAP in D:\Org-EdgeGravity\NutX_Keyboard\NutX_Keyboard_PCB_ANSI104\NutX_Keyboard_PCB_ANSI104.SchDoc with CAP from 电容.IntLib
Replace Part C? CAP in D:\Org-EdgeGravity\NutX_Keyboard\NutX_Keyboard_PCB_ANSI104\NutX_Keyboard_PCB_ANSI104.SchDoc with CAP from 电容.IntLib
Replace Part C? CAP in D:\Org-EdgeGravity\NutX_Keyboard\NutX_Keyboard_PCB_ANSI104\NutX_Keyboard_PCB_ANSI104.SchDoc with CAP from 电容.IntLib
Replace Part C? CAP in D:\Org-EdgeGravity\NutX_Keyboard\NutX_Keyboard_PCB_ANSI104\NutX_Keyboard_PCB_ANSI104.SchDoc with CAP from 电容.IntLib
Replace Part C? CAP in D:\Org-EdgeGravity\NutX_Keyboard\NutX_Keyboard_PCB_ANSI104\NutX_Keyboard_PCB_ANSI104.SchDoc with CAP from 电容.IntLib
Replace Part C? CAP in D:\Org-EdgeGravity\NutX_Keyboard\NutX_Keyboard_PCB_ANSI104\NutX_Keyboard_PCB_ANSI104.SchDoc with CAP from 电容.IntLib
Replace Part C? CAP in D:\Org-EdgeGravity\NutX_Keyboard\NutX_Keyboard_PCB_ANSI104\NutX_Keyboard_PCB_ANSI104.SchDoc with CAP from 电容.IntLib
Replace Part C? CAP in D:\Org-EdgeGravity\NutX_Keyboard\NutX_Keyboard_PCB_ANSI104\NutX_Keyboard_PCB_ANSI104.SchDoc with CAP from 电容.IntLib
Replace Part C? CAP in D:\Org-EdgeGravity\NutX_Keyboard\NutX_Keyboard_PCB_ANSI104\NutX_Keyboard_PCB_ANSI104.SchDoc with CAP from 电容.IntLib
Replace Part C? CAP in D:\Org-EdgeGravity\NutX_Keyboard\NutX_Keyboard_PCB_ANSI104\NutX_Keyboard_PCB_ANSI104.SchDoc with CAP from 电容.IntLib
Replace Part C? CAP in D:\Org-EdgeGravity\NutX_Keyboard\NutX_Keyboard_PCB_ANSI104\NutX_Keyboard_PCB_ANSI104.SchDoc with CAP from 电容.IntLib
Replace Part C? CAP in D:\Org-EdgeGravity\NutX_Keyboard\NutX_Keyboard_PCB_ANSI104\NutX_Keyboard_PCB_ANSI104.SchDoc with CAP from 电容.IntLib
Replace Part C? CAP in D:\Org-EdgeGravity\NutX_Keyboard\NutX_Keyboard_PCB_ANSI104\NutX_Keyboard_PCB_ANSI104.SchDoc with CAP from 电容.IntLib
Replace Part C? CAP in D:\Org-EdgeGravity\NutX_Keyboard\NutX_Keyboard_PCB_ANSI104\NutX_Keyboard_PCB_ANSI104.SchDoc with CAP from 电容.IntLib
Replace Part C? CAP in D:\Org-EdgeGravity\NutX_Keyboard\NutX_Keyboard_PCB_ANSI104\NutX_Keyboard_PCB_ANSI104.SchDoc with CAP from 电容.IntLib
Replace Part C? CAP in D:\Org-EdgeGravity\NutX_Keyboard\NutX_Keyboard_PCB_ANSI104\NutX_Keyboard_PCB_ANSI104.SchDoc with CAP from 电容.IntLib
Replace Part C? CAP in D:\Org-EdgeGravity\NutX_Keyboard\NutX_Keyboard_PCB_ANSI104\NutX_Keyboard_PCB_ANSI104.SchDoc with CAP from 电容.IntLib
Replace Part C? CAP in D:\Org-EdgeGravity\NutX_Keyboard\NutX_Keyboard_PCB_ANSI104\NutX_Keyboard_PCB_ANSI104.SchDoc with CAP from 电容.IntLib
Replace Part C? CAP in D:\Org-EdgeGravity\NutX_Keyboard\NutX_Keyboard_PCB_ANSI104\NutX_Keyboard_PCB_ANSI104.SchDoc with CAP from 电容.IntLib
Replace Part C? CAP in D:\Org-EdgeGravity\NutX_Keyboard\NutX_Keyboard_PCB_ANSI104\NutX_Keyboard_PCB_ANSI104.SchDoc with CAP from 电容.IntLib
Replace Part C? CAP in D:\Org-EdgeGravity\NutX_Keyboard\NutX_Keyboard_PCB_ANSI104\NutX_Keyboard_PCB_ANSI104.SchDoc with CAP from 电容.IntLib
Replace Part C? CAP in D:\Org-EdgeGravity\NutX_Keyboard\NutX_Keyboard_PCB_ANSI104\NutX_Keyboard_PCB_ANSI104.SchDoc with CAP from 电容.IntLib
Replace Part C? CAP in D:\Org-EdgeGravity\NutX_Keyboard\NutX_Keyboard_PCB_ANSI104\NutX_Keyboard_PCB_ANSI104.SchDoc with CAP from 电容.IntLib
Replace Part C? CAP in D:\Org-EdgeGravity\NutX_Keyboard\NutX_Keyboard_PCB_ANSI104\NutX_Keyboard_PCB_ANSI104.SchDoc with CAP from 电容.IntLib
Replace Part C? CAP in D:\Org-EdgeGravity\NutX_Keyboard\NutX_Keyboard_PCB_ANSI104\NutX_Keyboard_PCB_ANSI104.SchDoc with CAP from 电容.IntLib
Replace Part C? CAP in D:\Org-EdgeGravity\NutX_Keyboard\NutX_Keyboard_PCB_ANSI104\NutX_Keyboard_PCB_ANSI104.SchDoc with CAP from 电容.IntLib
Replace Part C? CAP in D:\Org-EdgeGravity\NutX_Keyboard\NutX_Keyboard_PCB_ANSI104\NutX_Keyboard_PCB_ANSI104.SchDoc with CAP from 电容.IntLib
Replace Part C? CAP in D:\Org-EdgeGravity\NutX_Keyboard\NutX_Keyboard_PCB_ANSI104\NutX_Keyboard_PCB_ANSI104.SchDoc with CAP from 电容.IntLib
Replace Part C? CAP in D:\Org-EdgeGravity\NutX_Keyboard\NutX_Keyboard_PCB_ANSI104\NutX_Keyboard_PCB_ANSI104.SchDoc with CAP from 电容.IntLib
Replace Part C? CAP in D:\Org-EdgeGravity\NutX_Keyboard\NutX_Keyboard_PCB_ANSI104\NutX_Keyboard_PCB_ANSI104.SchDoc with CAP from 电容.IntLib
Replace Part C? CAP in D:\Org-EdgeGravity\NutX_Keyboard\NutX_Keyboard_PCB_ANSI104\NutX_Keyboard_PCB_ANSI104.SchDoc with CAP from 电容.IntLib
Replace Part C? CAP in D:\Org-EdgeGravity\NutX_Keyboard\NutX_Keyboard_PCB_ANSI104\NutX_Keyboard_PCB_ANSI104.SchDoc with CAP from 电容.IntLib
Replace Part C? CAP in D:\Org-EdgeGravity\NutX_Keyboard\NutX_Keyboard_PCB_ANSI104\NutX_Keyboard_PCB_ANSI104.SchDoc with CAP from 电容.IntLib
Replace Part C? CAP in D:\Org-EdgeGravity\NutX_Keyboard\NutX_Keyboard_PCB_ANSI104\NutX_Keyboard_PCB_ANSI104.SchDoc with CAP from 电容.IntLib
Replace Part C? CAP in D:\Org-EdgeGravity\NutX_Keyboard\NutX_Keyboard_PCB_ANSI104\NutX_Keyboard_PCB_ANSI104.SchDoc with CAP from 电容.IntLib
Replace Part C? CAP in D:\Org-EdgeGravity\NutX_Keyboard\NutX_Keyboard_PCB_ANSI104\NutX_Keyboard_PCB_ANSI104.SchDoc with CAP from 电容.IntLib
Replace Part C? CAP in D:\Org-EdgeGravity\NutX_Keyboard\NutX_Keyboard_PCB_ANSI104\NutX_Keyboard_PCB_ANSI104.SchDoc with CAP from 电容.IntLib
Replace Part C? CAP in D:\Org-EdgeGravity\NutX_Keyboard\NutX_Keyboard_PCB_ANSI104\NutX_Keyboard_PCB_ANSI104.SchDoc with CAP from 电容.IntLib
Replace Part C? CAP in D:\Org-EdgeGravity\NutX_Keyboard\NutX_Keyboard_PCB_ANSI104\NutX_Keyboard_PCB_ANSI104.SchDoc with CAP from 电容.IntLib
Replace Part C? CAP in D:\Org-EdgeGravity\NutX_Keyboard\NutX_Keyboard_PCB_ANSI104\NutX_Keyboard_PCB_ANSI104.SchDoc with CAP from 电容.IntLib
Replace Part C? CAP in D:\Org-EdgeGravity\NutX_Keyboard\NutX_Keyboard_PCB_ANSI104\NutX_Keyboard_PCB_ANSI104.SchDoc with CAP from 电容.IntLib
Replace Part C? CAP in D:\Org-EdgeGravity\NutX_Keyboard\NutX_Keyboard_PCB_ANSI104\NutX_Keyboard_PCB_ANSI104.SchDoc with CAP from 电容.IntLib
Replace Part C? CAP in D:\Org-EdgeGravity\NutX_Keyboard\NutX_Keyboard_PCB_ANSI104\NutX_Keyboard_PCB_ANSI104.SchDoc with CAP from 电容.IntLib
Replace Part C? CAP in D:\Org-EdgeGravity\NutX_Keyboard\NutX_Keyboard_PCB_ANSI104\NutX_Keyboard_PCB_ANSI104.SchDoc with CAP from 电容.IntLib
Replace Part C? CAP in D:\Org-EdgeGravity\NutX_Keyboard\NutX_Keyboard_PCB_ANSI104\NutX_Keyboard_PCB_ANSI104.SchDoc with CAP from 电容.IntLib
Replace Part C? CAP in D:\Org-EdgeGravity\NutX_Keyboard\NutX_Keyboard_PCB_ANSI104\NutX_Keyboard_PCB_ANSI104.SchDoc with CAP from 电容.IntLib
Replace Part C? CAP in D:\Org-EdgeGravity\NutX_Keyboard\NutX_Keyboard_PCB_ANSI104\NutX_Keyboard_PCB_ANSI104.SchDoc with CAP from 电容.IntLib
Replace Part C? CAP in D:\Org-EdgeGravity\NutX_Keyboard\NutX_Keyboard_PCB_ANSI104\NutX_Keyboard_PCB_ANSI104.SchDoc with CAP from 电容.IntLib
Replace Part C? CAP in D:\Org-EdgeGravity\NutX_Keyboard\NutX_Keyboard_PCB_ANSI104\NutX_Keyboard_PCB_ANSI104.SchDoc with CAP from 电容.IntLib
Replace Part C? CAP in D:\Org-EdgeGravity\NutX_Keyboard\NutX_Keyboard_PCB_ANSI104\NutX_Keyboard_PCB_ANSI104.SchDoc with CAP from 电容.IntLib
Replace Part C? CAP in D:\Org-EdgeGravity\NutX_Keyboard\NutX_Keyboard_PCB_ANSI104\NutX_Keyboard_PCB_ANSI104.SchDoc with CAP from 电容.IntLib
Replace Part C? CAP in D:\Org-EdgeGravity\NutX_Keyboard\NutX_Keyboard_PCB_ANSI104\NutX_Keyboard_PCB_ANSI104.SchDoc with CAP from 电容.IntLib
Replace Part C? CAP in D:\Org-EdgeGravity\NutX_Keyboard\NutX_Keyboard_PCB_ANSI104\NutX_Keyboard_PCB_ANSI104.SchDoc with CAP from 电容.IntLib
Replace Part C? CAP in D:\Org-EdgeGravity\NutX_Keyboard\NutX_Keyboard_PCB_ANSI104\NutX_Keyboard_PCB_ANSI104.SchDoc with CAP from 电容.IntLib
Replace Part C? CAP in D:\Org-EdgeGravity\NutX_Keyboard\NutX_Keyboard_PCB_ANSI104\NutX_Keyboard_PCB_ANSI104.SchDoc with CAP from 电容.IntLib
Replace Part C? CAP in D:\Org-EdgeGravity\NutX_Keyboard\NutX_Keyboard_PCB_ANSI104\NutX_Keyboard_PCB_ANSI104.SchDoc with CAP from 电容.IntLib
Replace Part C? CAP in D:\Org-EdgeGravity\NutX_Keyboard\NutX_Keyboard_PCB_ANSI104\NutX_Keyboard_PCB_ANSI104.SchDoc with CAP from 电容.IntLib
Replace Part C? CAP in D:\Org-EdgeGravity\NutX_Keyboard\NutX_Keyboard_PCB_ANSI104\NutX_Keyboard_PCB_ANSI104.SchDoc with CAP from 电容.IntLib
Replace Part C? CAP in D:\Org-EdgeGravity\NutX_Keyboard\NutX_Keyboard_PCB_ANSI104\NutX_Keyboard_PCB_ANSI104.SchDoc with CAP from 电容.IntLib
Replace Part C? CAP in D:\Org-EdgeGravity\NutX_Keyboard\NutX_Keyboard_PCB_ANSI104\NutX_Keyboard_PCB_ANSI104.SchDoc with CAP from 电容.IntLib
Replace Part C? CAP in D:\Org-EdgeGravity\NutX_Keyboard\NutX_Keyboard_PCB_ANSI104\NutX_Keyboard_PCB_ANSI104.SchDoc with CAP from 电容.IntLib
Replace Part C? CAP in D:\Org-EdgeGravity\NutX_Keyboard\NutX_Keyboard_PCB_ANSI104\NutX_Keyboard_PCB_ANSI104.SchDoc with CAP from 电容.IntLib
Replace Part C? CAP in D:\Org-EdgeGravity\NutX_Keyboard\NutX_Keyboard_PCB_ANSI104\NutX_Keyboard_PCB_ANSI104.SchDoc with CAP from 电容.IntLib
Replace Part C? CAP in D:\Org-EdgeGravity\NutX_Keyboard\NutX_Keyboard_PCB_ANSI104\NutX_Keyboard_PCB_ANSI104.SchDoc with CAP from 电容.IntLib
Replace Part C? CAP in D:\Org-EdgeGravity\NutX_Keyboard\NutX_Keyboard_PCB_ANSI104\NutX_Keyboard_PCB_ANSI104.SchDoc with CAP from 电容.IntLib
Replace Part C? CAP in D:\Org-EdgeGravity\NutX_Keyboard\NutX_Keyboard_PCB_ANSI104\NutX_Keyboard_PCB_ANSI104.SchDoc with CAP from 电容.IntLib
Replace Part C? CAP in D:\Org-EdgeGravity\NutX_Keyboard\NutX_Keyboard_PCB_ANSI104\NutX_Keyboard_PCB_ANSI104.SchDoc with CAP from 电容.IntLib
Replace Part C? CAP in D:\Org-EdgeGravity\NutX_Keyboard\NutX_Keyboard_PCB_ANSI104\NutX_Keyboard_PCB_ANSI104.SchDoc with CAP from 电容.IntLib
Replace Part C? CAP in D:\Org-EdgeGravity\NutX_Keyboard\NutX_Keyboard_PCB_ANSI104\NutX_Keyboard_PCB_ANSI104.SchDoc with CAP from 电容.IntLib
Replace Part C? CAP in D:\Org-EdgeGravity\NutX_Keyboard\NutX_Keyboard_PCB_ANSI104\NutX_Keyboard_PCB_ANSI104.SchDoc with CAP from 电容.IntLib
Replace Part C? CAP in D:\Org-EdgeGravity\NutX_Keyboard\NutX_Keyboard_PCB_ANSI104\NutX_Keyboard_PCB_ANSI104.SchDoc with CAP from 电容.IntLib
Replace Part C? CAP in D:\Org-EdgeGravity\NutX_Keyboard\NutX_Keyboard_PCB_ANSI104\NutX_Keyboard_PCB_ANSI104.SchDoc with CAP from 电容.IntLib
Replace Part C? CAP in D:\Org-EdgeGravity\NutX_Keyboard\NutX_Keyboard_PCB_ANSI104\NutX_Keyboard_PCB_ANSI104.SchDoc with CAP from 电容.IntLib
Replace Part C? CAP in D:\Org-EdgeGravity\NutX_Keyboard\NutX_Keyboard_PCB_ANSI104\NutX_Keyboard_PCB_ANSI104.SchDoc with CAP from 电容.IntLib
Replace Part C? CAP in D:\Org-EdgeGravity\NutX_Keyboard\NutX_Keyboard_PCB_ANSI104\NutX_Keyboard_PCB_ANSI104.SchDoc with CAP from 电容.IntLib
Replace Part C? CAP in D:\Org-EdgeGravity\NutX_Keyboard\NutX_Keyboard_PCB_ANSI104\NutX_Keyboard_PCB_ANSI104.SchDoc with CAP from 电容.IntLib
Replace Part C? CAP in D:\Org-EdgeGravity\NutX_Keyboard\NutX_Keyboard_PCB_ANSI104\NutX_Keyboard_PCB_ANSI104.SchDoc with CAP from 电容.IntLib
Replace Part C? CAP in D:\Org-EdgeGravity\NutX_Keyboard\NutX_Keyboard_PCB_ANSI104\NutX_Keyboard_PCB_ANSI104.SchDoc with CAP from 电容.IntLib
Replace Part C? CAP in D:\Org-EdgeGravity\NutX_Keyboard\NutX_Keyboard_PCB_ANSI104\NutX_Keyboard_PCB_ANSI104.SchDoc with CAP from 电容.IntLib
Replace Part C? CAP in D:\Org-EdgeGravity\NutX_Keyboard\NutX_Keyboard_PCB_ANSI104\NutX_Keyboard_PCB_ANSI104.SchDoc with CAP from 电容.IntLib
Replace Part C? CAP in D:\Org-EdgeGravity\NutX_Keyboard\NutX_Keyboard_PCB_ANSI104\NutX_Keyboard_PCB_ANSI104.SchDoc with CAP from 电容.IntLib
Replace Part C? CAP in D:\Org-EdgeGravity\NutX_Keyboard\NutX_Keyboard_PCB_ANSI104\NutX_Keyboard_PCB_ANSI104.SchDoc with CAP from 电容.IntLib
Replace Part C? CAP in D:\Org-EdgeGravity\NutX_Keyboard\NutX_Keyboard_PCB_ANSI104\NutX_Keyboard_PCB_ANSI104.SchDoc with CAP from 电容.IntLib
Replace Part C? CAP in D:\Org-EdgeGravity\NutX_Keyboard\NutX_Keyboard_PCB_ANSI104\NutX_Keyboard_PCB_ANSI104.SchDoc with CAP from 电容.IntLib
Replace Part C? CAP in D:\Org-EdgeGravity\NutX_Keyboard\NutX_Keyboard_PCB_ANSI104\NutX_Keyboard_PCB_ANSI104.SchDoc with CAP from 电容.IntLib
Replace Part C? CAP in D:\Org-EdgeGravity\NutX_Keyboard\NutX_Keyboard_PCB_ANSI104\NutX_Keyboard_PCB_ANSI104.SchDoc with CAP from 电容.IntLib
Replace Part C? CAP in D:\Org-EdgeGravity\NutX_Keyboard\NutX_Keyboard_PCB_ANSI104\NutX_Keyboard_PCB_ANSI104.SchDoc with CAP from 电容.IntLib
Replace Part C? CAP in D:\Org-EdgeGravity\NutX_Keyboard\NutX_Keyboard_PCB_ANSI104\NutX_Keyboard_PCB_ANSI104.SchDoc with CAP from 电容.IntLib
Replace Part C? CAP in D:\Org-EdgeGravity\NutX_Keyboard\NutX_Keyboard_PCB_ANSI104\NutX_Keyboard_PCB_ANSI104.SchDoc with CAP from 电容.IntLib
Replace Part C? CAP in D:\Org-EdgeGravity\NutX_Keyboard\NutX_Keyboard_PCB_ANSI104\NutX_Keyboard_PCB_ANSI104.SchDoc with CAP from 电容.IntLib
Replace Part C? CAP in D:\Org-EdgeGravity\NutX_Keyboard\NutX_Keyboard_PCB_ANSI104\NutX_Keyboard_PCB_ANSI104.SchDoc with CAP from 电容.IntLib
Replace Part KEY_ESC MX_SW in D:\Org-EdgeGravity\NutX_Keyboard\NutX_Keyboard_PCB_ANSI104\NutX_Keyboard_PCB_ANSI104.SchDoc with MX_SW from 凯华热插拔-SK6812-3528反贴.SchLib
Replace Part KEY_ESC? MX_SW in D:\Org-EdgeGravity\NutX_Keyboard\NutX_Keyboard_PCB_ANSI104\NutX_Keyboard_PCB_ANSI104.SchDoc with MX_SW from 凯华热插拔-SK6812-3528反贴.SchLib
Replace Part KEY_ESC? MX_SW in D:\Org-EdgeGravity\NutX_Keyboard\NutX_Keyboard_PCB_ANSI104\NutX_Keyboard_PCB_ANSI104.SchDoc with MX_SW from 凯华热插拔-SK6812-3528反贴.SchLib
Replace Part KEY_ESC? MX_SW in D:\Org-EdgeGravity\NutX_Keyboard\NutX_Keyboard_PCB_ANSI104\NutX_Keyboard_PCB_ANSI104.SchDoc with MX_SW from 凯华热插拔-SK6812-3528反贴.SchLib
Replace Part KEY_ESC? MX_SW in D:\Org-EdgeGravity\NutX_Keyboard\NutX_Keyboard_PCB_ANSI104\NutX_Keyboard_PCB_ANSI104.SchDoc with MX_SW from 凯华热插拔-SK6812-3528反贴.SchLib
Replace Part KEY_F1 MX_SW in D:\Org-EdgeGravity\NutX_Keyboard\NutX_Keyboard_PCB_ANSI104\NutX_Keyboard_PCB_ANSI104.SchDoc with MX_SW from 凯华热插拔-SK6812-3528反贴.SchLib
Replace Part KEY_F2 MX_SW in D:\Org-EdgeGravity\NutX_Keyboard\NutX_Keyboard_PCB_ANSI104\NutX_Keyboard_PCB_ANSI104.SchDoc with MX_SW from 凯华热插拔-SK6812-3528反贴.SchLib
Replace Part KEY_F3 MX_SW in D:\Org-EdgeGravity\NutX_Keyboard\NutX_Keyboard_PCB_ANSI104\NutX_Keyboard_PCB_ANSI104.SchDoc with MX_SW from 凯华热插拔-SK6812-3528反贴.SchLib
Replace Part KEY_F4 MX_SW in D:\Org-EdgeGravity\NutX_Keyboard\NutX_Keyboard_PCB_ANSI104\NutX_Keyboard_PCB_ANSI104.SchDoc with MX_SW from 凯华热插拔-SK6812-3528反贴.SchLib
Replace Part KEY_F5 MX_SW in D:\Org-EdgeGravity\NutX_Keyboard\NutX_Keyboard_PCB_ANSI104\NutX_Keyboard_PCB_ANSI104.SchDoc with MX_SW from 凯华热插拔-SK6812-3528反贴.SchLib
Replace Part KEY_F6 MX_SW in D:\Org-EdgeGravity\NutX_Keyboard\NutX_Keyboard_PCB_ANSI104\NutX_Keyboard_PCB_ANSI104.SchDoc with MX_SW from 凯华热插拔-SK6812-3528反贴.SchLib
Replace Part KEY_F7 MX_SW in D:\Org-EdgeGravity\NutX_Keyboard\NutX_Keyboard_PCB_ANSI104\NutX_Keyboard_PCB_ANSI104.SchDoc with MX_SW from 凯华热插拔-SK6812-3528反贴.SchLib
Replace Part KEY_F8 MX_SW in D:\Org-EdgeGravity\NutX_Keyboard\NutX_Keyboard_PCB_ANSI104\NutX_Keyboard_PCB_ANSI104.SchDoc with MX_SW from 凯华热插拔-SK6812-3528反贴.SchLib
Replace Part KEY_F9 MX_SW in D:\Org-EdgeGravity\NutX_Keyboard\NutX_Keyboard_PCB_ANSI104\NutX_Keyboard_PCB_ANSI104.SchDoc with MX_SW from 凯华热插拔-SK6812-3528反贴.SchLib
Replace Part KEY_F10 MX_SW in D:\Org-EdgeGravity\NutX_Keyboard\NutX_Keyboard_PCB_ANSI104\NutX_Keyboard_PCB_ANSI104.SchDoc with MX_SW from 凯华热插拔-SK6812-3528反贴.SchLib
Replace Part KEY_F11 MX_SW in D:\Org-EdgeGravity\NutX_Keyboard\NutX_Keyboard_PCB_ANSI104\NutX_Keyboard_PCB_ANSI104.SchDoc with MX_SW from 凯华热插拔-SK6812-3528反贴.SchLib
Replace Part KEY_F12 MX_SW in D:\Org-EdgeGravity\NutX_Keyboard\NutX_Keyboard_PCB_ANSI104\NutX_Keyboard_PCB_ANSI104.SchDoc with MX_SW from 凯华热插拔-SK6812-3528反贴.SchLib
Replace Part KEY_F? MX_SW in D:\Org-EdgeGravity\NutX_Keyboard\NutX_Keyboard_PCB_ANSI104\NutX_Keyboard_PCB_ANSI104.SchDoc with MX_SW from 凯华热插拔-SK6812-3528反贴.SchLib
Replace Part KEY_F? MX_SW in D:\Org-EdgeGravity\NutX_Keyboard\NutX_Keyboard_PCB_ANSI104\NutX_Keyboard_PCB_ANSI104.SchDoc with MX_SW from 凯华热插拔-SK6812-3528反贴.SchLib
Replace Part KEY_F? MX_SW in D:\Org-EdgeGravity\NutX_Keyboard\NutX_Keyboard_PCB_ANSI104\NutX_Keyboard_PCB_ANSI104.SchDoc with MX_SW from 凯华热插拔-SK6812-3528反贴.SchLib
Replace Part KEY_F? MX_SW in D:\Org-EdgeGravity\NutX_Keyboard\NutX_Keyboard_PCB_ANSI104\NutX_Keyboard_PCB_ANSI104.SchDoc with MX_SW from 凯华热插拔-SK6812-3528反贴.SchLib
Replace Part KEY_F? MX_SW in D:\Org-EdgeGravity\NutX_Keyboard\NutX_Keyboard_PCB_ANSI104\NutX_Keyboard_PCB_ANSI104.SchDoc with MX_SW from 凯华热插拔-SK6812-3528反贴.SchLib
Replace Part KEY_F? MX_SW in D:\Org-EdgeGravity\NutX_Keyboard\NutX_Keyboard_PCB_ANSI104\NutX_Keyboard_PCB_ANSI104.SchDoc with MX_SW from 凯华热插拔-SK6812-3528反贴.SchLib
Replace Part KEY_F? MX_SW in D:\Org-EdgeGravity\NutX_Keyboard\NutX_Keyboard_PCB_ANSI104\NutX_Keyboard_PCB_ANSI104.SchDoc with MX_SW from 凯华热插拔-SK6812-3528反贴.SchLib
Replace Part KEY_F? MX_SW in D:\Org-EdgeGravity\NutX_Keyboard\NutX_Keyboard_PCB_ANSI104\NutX_Keyboard_PCB_ANSI104.SchDoc with MX_SW from 凯华热插拔-SK6812-3528反贴.SchLib
Replace Part KEY_F? MX_SW in D:\Org-EdgeGravity\NutX_Keyboard\NutX_Keyboard_PCB_ANSI104\NutX_Keyboard_PCB_ANSI104.SchDoc with MX_SW from 凯华热插拔-SK6812-3528反贴.SchLib
Replace Part KEY_F? MX_SW in D:\Org-EdgeGravity\NutX_Keyboard\NutX_Keyboard_PCB_ANSI104\NutX_Keyboard_PCB_ANSI104.SchDoc with MX_SW from 凯华热插拔-SK6812-3528反贴.SchLib
Replace Part KEY_F? MX_SW in D:\Org-EdgeGravity\NutX_Keyboard\NutX_Keyboard_PCB_ANSI104\NutX_Keyboard_PCB_ANSI104.SchDoc with MX_SW from 凯华热插拔-SK6812-3528反贴.SchLib
Replace Part KEY_F? MX_SW in D:\Org-EdgeGravity\NutX_Keyboard\NutX_Keyboard_PCB_ANSI104\NutX_Keyboard_PCB_ANSI104.SchDoc with MX_SW from 凯华热插拔-SK6812-3528反贴.SchLib
Replace Part KEY_F? MX_SW in D:\Org-EdgeGravity\NutX_Keyboard\NutX_Keyboard_PCB_ANSI104\NutX_Keyboard_PCB_ANSI104.SchDoc with MX_SW from 凯华热插拔-SK6812-3528反贴.SchLib
Replace Part KEY_F? MX_SW in D:\Org-EdgeGravity\NutX_Keyboard\NutX_Keyboard_PCB_ANSI104\NutX_Keyboard_PCB_ANSI104.SchDoc with MX_SW from 凯华热插拔-SK6812-3528反贴.SchLib
Replace Part KEY_F? MX_SW in D:\Org-EdgeGravity\NutX_Keyboard\NutX_Keyboard_PCB_ANSI104\NutX_Keyboard_PCB_ANSI104.SchDoc with MX_SW from 凯华热插拔-SK6812-3528反贴.SchLib
Replace Part KEY_F? MX_SW in D:\Org-EdgeGravity\NutX_Keyboard\NutX_Keyboard_PCB_ANSI104\NutX_Keyboard_PCB_ANSI104.SchDoc with MX_SW from 凯华热插拔-SK6812-3528反贴.SchLib
Replace Part KEY_F? MX_SW in D:\Org-EdgeGravity\NutX_Keyboard\NutX_Keyboard_PCB_ANSI104\NutX_Keyboard_PCB_ANSI104.SchDoc with MX_SW from 凯华热插拔-SK6812-3528反贴.SchLib
Replace Part KEY_F? MX_SW in D:\Org-EdgeGravity\NutX_Keyboard\NutX_Keyboard_PCB_ANSI104\NutX_Keyboard_PCB_ANSI104.SchDoc with MX_SW from 凯华热插拔-SK6812-3528反贴.SchLib
Replace Part KEY_F? MX_SW in D:\Org-EdgeGravity\NutX_Keyboard\NutX_Keyboard_PCB_ANSI104\NutX_Keyboard_PCB_ANSI104.SchDoc with MX_SW from 凯华热插拔-SK6812-3528反贴.SchLib
Replace Part KEY_F? MX_SW in D:\Org-EdgeGravity\NutX_Keyboard\NutX_Keyboard_PCB_ANSI104\NutX_Keyboard_PCB_ANSI104.SchDoc with MX_SW from 凯华热插拔-SK6812-3528反贴.SchLib
Replace Part KEY_F? MX_SW in D:\Org-EdgeGravity\NutX_Keyboard\NutX_Keyboard_PCB_ANSI104\NutX_Keyboard_PCB_ANSI104.SchDoc with MX_SW from 凯华热插拔-SK6812-3528反贴.SchLib
Replace Part KEY_F? MX_SW in D:\Org-EdgeGravity\NutX_Keyboard\NutX_Keyboard_PCB_ANSI104\NutX_Keyboard_PCB_ANSI104.SchDoc with MX_SW from 凯华热插拔-SK6812-3528反贴.SchLib
Replace Part KEY_F? MX_SW in D:\Org-EdgeGravity\NutX_Keyboard\NutX_Keyboard_PCB_ANSI104\NutX_Keyboard_PCB_ANSI104.SchDoc with MX_SW from 凯华热插拔-SK6812-3528反贴.SchLib
Replace Part KEY_F? MX_SW in D:\Org-EdgeGravity\NutX_Keyboard\NutX_Keyboard_PCB_ANSI104\NutX_Keyboard_PCB_ANSI104.SchDoc with MX_SW from 凯华热插拔-SK6812-3528反贴.SchLib
Replace Part KEY_F? MX_SW in D:\Org-EdgeGravity\NutX_Keyboard\NutX_Keyboard_PCB_ANSI104\NutX_Keyboard_PCB_ANSI104.SchDoc with MX_SW from 凯华热插拔-SK6812-3528反贴.SchLib
Replace Part KEY_F? MX_SW in D:\Org-EdgeGravity\NutX_Keyboard\NutX_Keyboard_PCB_ANSI104\NutX_Keyboard_PCB_ANSI104.SchDoc with MX_SW from 凯华热插拔-SK6812-3528反贴.SchLib
Replace Part KEY_F? MX_SW in D:\Org-EdgeGravity\NutX_Keyboard\NutX_Keyboard_PCB_ANSI104\NutX_Keyboard_PCB_ANSI104.SchDoc with MX_SW from 凯华热插拔-SK6812-3528反贴.SchLib
Replace Part KEY_F? MX_SW in D:\Org-EdgeGravity\NutX_Keyboard\NutX_Keyboard_PCB_ANSI104\NutX_Keyboard_PCB_ANSI104.SchDoc with MX_SW from 凯华热插拔-SK6812-3528反贴.SchLib
Replace Part KEY_F? MX_SW in D:\Org-EdgeGravity\NutX_Keyboard\NutX_Keyboard_PCB_ANSI104\NutX_Keyboard_PCB_ANSI104.SchDoc with MX_SW from 凯华热插拔-SK6812-3528反贴.SchLib
Replace Part KEY_F? MX_SW in D:\Org-EdgeGravity\NutX_Keyboard\NutX_Keyboard_PCB_ANSI104\NutX_Keyboard_PCB_ANSI104.SchDoc with MX_SW from 凯华热插拔-SK6812-3528反贴.SchLib
Replace Part KEY_F? MX_SW in D:\Org-EdgeGravity\NutX_Keyboard\NutX_Keyboard_PCB_ANSI104\NutX_Keyboard_PCB_ANSI104.SchDoc with MX_SW from 凯华热插拔-SK6812-3528反贴.SchLib
Replace Part KEY_F? MX_SW in D:\Org-EdgeGravity\NutX_Keyboard\NutX_Keyboard_PCB_ANSI104\NutX_Keyboard_PCB_ANSI104.SchDoc with MX_SW from 凯华热插拔-SK6812-3528反贴.SchLib
Replace Part KEY_F? MX_SW in D:\Org-EdgeGravity\NutX_Keyboard\NutX_Keyboard_PCB_ANSI104\NutX_Keyboard_PCB_ANSI104.SchDoc with MX_SW from 凯华热插拔-SK6812-3528反贴.SchLib
Replace Part KEY_F? MX_SW in D:\Org-EdgeGravity\NutX_Keyboard\NutX_Keyboard_PCB_ANSI104\NutX_Keyboard_PCB_ANSI104.SchDoc with MX_SW from 凯华热插拔-SK6812-3528反贴.SchLib
Replace Part KEY_F? MX_SW in D:\Org-EdgeGravity\NutX_Keyboard\NutX_Keyboard_PCB_ANSI104\NutX_Keyboard_PCB_ANSI104.SchDoc with MX_SW from 凯华热插拔-SK6812-3528反贴.SchLib
Replace Part KEY_F? MX_SW in D:\Org-EdgeGravity\NutX_Keyboard\NutX_Keyboard_PCB_ANSI104\NutX_Keyboard_PCB_ANSI104.SchDoc with MX_SW from 凯华热插拔-SK6812-3528反贴.SchLib
Replace Part KEY_F? MX_SW in D:\Org-EdgeGravity\NutX_Keyboard\NutX_Keyboard_PCB_ANSI104\NutX_Keyboard_PCB_ANSI104.SchDoc with MX_SW from 凯华热插拔-SK6812-3528反贴.SchLib
Replace Part KEY_F? MX_SW in D:\Org-EdgeGravity\NutX_Keyboard\NutX_Keyboard_PCB_ANSI104\NutX_Keyboard_PCB_ANSI104.SchDoc with MX_SW from 凯华热插拔-SK6812-3528反贴.SchLib
Replace Part KEY_F? MX_SW in D:\Org-EdgeGravity\NutX_Keyboard\NutX_Keyboard_PCB_ANSI104\NutX_Keyboard_PCB_ANSI104.SchDoc with MX_SW from 凯华热插拔-SK6812-3528反贴.SchLib
Replace Part KEY_F? MX_SW in D:\Org-EdgeGravity\NutX_Keyboard\NutX_Keyboard_PCB_ANSI104\NutX_Keyboard_PCB_ANSI104.SchDoc with MX_SW from 凯华热插拔-SK6812-3528反贴.SchLib
Replace Part KEY_F? MX_SW in D:\Org-EdgeGravity\NutX_Keyboard\NutX_Keyboard_PCB_ANSI104\NutX_Keyboard_PCB_ANSI104.SchDoc with MX_SW from 凯华热插拔-SK6812-3528反贴.SchLib
Replace Part KEY_F? MX_SW in D:\Org-EdgeGravity\NutX_Keyboard\NutX_Keyboard_PCB_ANSI104\NutX_Keyboard_PCB_ANSI104.SchDoc with MX_SW from 凯华热插拔-SK6812-3528反贴.SchLib
Replace Part KEY_F? MX_SW in D:\Org-EdgeGravity\NutX_Keyboard\NutX_Keyboard_PCB_ANSI104\NutX_Keyboard_PCB_ANSI104.SchDoc with MX_SW from 凯华热插拔-SK6812-3528反贴.SchLib
Replace Part KEY_F? MX_SW in D:\Org-EdgeGravity\NutX_Keyboard\NutX_Keyboard_PCB_ANSI104\NutX_Keyboard_PCB_ANSI104.SchDoc with MX_SW from 凯华热插拔-SK6812-3528反贴.SchLib
Replace Part KEY_F? MX_SW in D:\Org-EdgeGravity\NutX_Keyboard\NutX_Keyboard_PCB_ANSI104\NutX_Keyboard_PCB_ANSI104.SchDoc with MX_SW from 凯华热插拔-SK6812-3528反贴.SchLib
Replace Part KEY_F? MX_SW in D:\Org-EdgeGravity\NutX_Keyboard\NutX_Keyboard_PCB_ANSI104\NutX_Keyboard_PCB_ANSI104.SchDoc with MX_SW from 凯华热插拔-SK6812-3528反贴.SchLib
Replace Part KEY_F? MX_SW in D:\Org-EdgeGravity\NutX_Keyboard\NutX_Keyboard_PCB_ANSI104\NutX_Keyboard_PCB_ANSI104.SchDoc with MX_SW from 凯华热插拔-SK6812-3528反贴.SchLib
Replace Part KEY_F? MX_SW in D:\Org-EdgeGravity\NutX_Keyboard\NutX_Keyboard_PCB_ANSI104\NutX_Keyboard_PCB_ANSI104.SchDoc with MX_SW from 凯华热插拔-SK6812-3528反贴.SchLib
Replace Part KEY_F? MX_SW in D:\Org-EdgeGravity\NutX_Keyboard\NutX_Keyboard_PCB_ANSI104\NutX_Keyboard_PCB_ANSI104.SchDoc with MX_SW from 凯华热插拔-SK6812-3528反贴.SchLib
Replace Part KEY_F? MX_SW in D:\Org-EdgeGravity\NutX_Keyboard\NutX_Keyboard_PCB_ANSI104\NutX_Keyboard_PCB_ANSI104.SchDoc with MX_SW from 凯华热插拔-SK6812-3528反贴.SchLib
Replace Part KEY_F? MX_SW in D:\Org-EdgeGravity\NutX_Keyboard\NutX_Keyboard_PCB_ANSI104\NutX_Keyboard_PCB_ANSI104.SchDoc with MX_SW from 凯华热插拔-SK6812-3528反贴.SchLib
Replace Part KEY_F? MX_SW in D:\Org-EdgeGravity\NutX_Keyboard\NutX_Keyboard_PCB_ANSI104\NutX_Keyboard_PCB_ANSI104.SchDoc with MX_SW from 凯华热插拔-SK6812-3528反贴.SchLib
Replace Part KEY_F? MX_SW in D:\Org-EdgeGravity\NutX_Keyboard\NutX_Keyboard_PCB_ANSI104\NutX_Keyboard_PCB_ANSI104.SchDoc with MX_SW from 凯华热插拔-SK6812-3528反贴.SchLib
Replace Part KEY_F? MX_SW in D:\Org-EdgeGravity\NutX_Keyboard\NutX_Keyboard_PCB_ANSI104\NutX_Keyboard_PCB_ANSI104.SchDoc with MX_SW from 凯华热插拔-SK6812-3528反贴.SchLib
Replace Part KEY_F? MX_SW in D:\Org-EdgeGravity\NutX_Keyboard\NutX_Keyboard_PCB_ANSI104\NutX_Keyboard_PCB_ANSI104.SchDoc with MX_SW from 凯华热插拔-SK6812-3528反贴.SchLib
Replace Part KEY_F? MX_SW in D:\Org-EdgeGravity\NutX_Keyboard\NutX_Keyboard_PCB_ANSI104\NutX_Keyboard_PCB_ANSI104.SchDoc with MX_SW from 凯华热插拔-SK6812-3528反贴.SchLib
Replace Part KEY_F? MX_SW in D:\Org-EdgeGravity\NutX_Keyboard\NutX_Keyboard_PCB_ANSI104\NutX_Keyboard_PCB_ANSI104.SchDoc with MX_SW from 凯华热插拔-SK6812-3528反贴.SchLib
Replace Part KEY_F? MX_SW in D:\Org-EdgeGravity\NutX_Keyboard\NutX_Keyboard_PCB_ANSI104\NutX_Keyboard_PCB_ANSI104.SchDoc with MX_SW from 凯华热插拔-SK6812-3528反贴.SchLib
Replace Part KEY_F? MX_SW in D:\Org-EdgeGravity\NutX_Keyboard\NutX_Keyboard_PCB_ANSI104\NutX_Keyboard_PCB_ANSI104.SchDoc with MX_SW from 凯华热插拔-SK6812-3528反贴.SchLib
Replace Part KEY_F? MX_SW in D:\Org-EdgeGravity\NutX_Keyboard\NutX_Keyboard_PCB_ANSI104\NutX_Keyboard_PCB_ANSI104.SchDoc with MX_SW from 凯华热插拔-SK6812-3528反贴.SchLib
Replace Part KEY_Pause MX_SW in D:\Org-EdgeGravity\NutX_Keyboard\NutX_Keyboard_PCB_ANSI104\NutX_Keyboard_PCB_ANSI104.SchDoc with MX_SW from 凯华热插拔-SK6812-3528反贴.SchLib
Replace Part KEY_Pause? MX_SW in D:\Org-EdgeGravity\NutX_Keyboard\NutX_Keyboard_PCB_ANSI104\NutX_Keyboard_PCB_ANSI104.SchDoc with MX_SW from 凯华热插拔-SK6812-3528反贴.SchLib
Replace Part KEY_Pause? MX_SW in D:\Org-EdgeGravity\NutX_Keyboard\NutX_Keyboard_PCB_ANSI104\NutX_Keyboard_PCB_ANSI104.SchDoc with MX_SW from 凯华热插拔-SK6812-3528反贴.SchLib
Replace Part KEY_Pause? MX_SW in D:\Org-EdgeGravity\NutX_Keyboard\NutX_Keyboard_PCB_ANSI104\NutX_Keyboard_PCB_ANSI104.SchDoc with MX_SW from 凯华热插拔-SK6812-3528反贴.SchLib
Replace Part KEY_Pause? MX_SW in D:\Org-EdgeGravity\NutX_Keyboard\NutX_Keyboard_PCB_ANSI104\NutX_Keyboard_PCB_ANSI104.SchDoc with MX_SW from 凯华热插拔-SK6812-3528反贴.SchLib
Replace Part KEY_Pause? MX_SW in D:\Org-EdgeGravity\NutX_Keyboard\NutX_Keyboard_PCB_ANSI104\NutX_Keyboard_PCB_ANSI104.SchDoc with MX_SW from 凯华热插拔-SK6812-3528反贴.SchLib
Replace Part KEY_PrtSc MX_SW in D:\Org-EdgeGravity\NutX_Keyboard\NutX_Keyboard_PCB_ANSI104\NutX_Keyboard_PCB_ANSI104.SchDoc with MX_SW from 凯华热插拔-SK6812-3528反贴.SchLib
Replace Part KEY_PrtSc? MX_SW in D:\Org-EdgeGravity\NutX_Keyboard\NutX_Keyboard_PCB_ANSI104\NutX_Keyboard_PCB_ANSI104.SchDoc with MX_SW from 凯华热插拔-SK6812-3528反贴.SchLib
Replace Part KEY_PrtSc? MX_SW in D:\Org-EdgeGravity\NutX_Keyboard\NutX_Keyboard_PCB_ANSI104\NutX_Keyboard_PCB_ANSI104.SchDoc with MX_SW from 凯华热插拔-SK6812-3528反贴.SchLib
Replace Part KEY_PrtSc? MX_SW in D:\Org-EdgeGravity\NutX_Keyboard\NutX_Keyboard_PCB_ANSI104\NutX_Keyboard_PCB_ANSI104.SchDoc with MX_SW from 凯华热插拔-SK6812-3528反贴.SchLib
Replace Part KEY_PrtSc? MX_SW in D:\Org-EdgeGravity\NutX_Keyboard\NutX_Keyboard_PCB_ANSI104\NutX_Keyboard_PCB_ANSI104.SchDoc with MX_SW from 凯华热插拔-SK6812-3528反贴.SchLib
Replace Part KEY_PrtSc? MX_SW in D:\Org-EdgeGravity\NutX_Keyboard\NutX_Keyboard_PCB_ANSI104\NutX_Keyboard_PCB_ANSI104.SchDoc with MX_SW from 凯华热插拔-SK6812-3528反贴.SchLib
Replace Part KEY_ScrollLock MX_SW in D:\Org-EdgeGravity\NutX_Keyboard\NutX_Keyboard_PCB_ANSI104\NutX_Keyboard_PCB_ANSI104.SchDoc with MX_SW from 凯华热插拔-SK6812-3528反贴.SchLib
Replace Part KEY_ScrollLock? MX_SW in D:\Org-EdgeGravity\NutX_Keyboard\NutX_Keyboard_PCB_ANSI104\NutX_Keyboard_PCB_ANSI104.SchDoc with MX_SW from 凯华热插拔-SK6812-3528反贴.SchLib
Replace Part KEY_ScrollLock? MX_SW in D:\Org-EdgeGravity\NutX_Keyboard\NutX_Keyboard_PCB_ANSI104\NutX_Keyboard_PCB_ANSI104.SchDoc with MX_SW from 凯华热插拔-SK6812-3528反贴.SchLib
Replace Part KEY_ScrollLock? MX_SW in D:\Org-EdgeGravity\NutX_Keyboard\NutX_Keyboard_PCB_ANSI104\NutX_Keyboard_PCB_ANSI104.SchDoc with MX_SW from 凯华热插拔-SK6812-3528反贴.SchLib
Replace Part KEY_ScrollLock? MX_SW in D:\Org-EdgeGravity\NutX_Keyboard\NutX_Keyboard_PCB_ANSI104\NutX_Keyboard_PCB_ANSI104.SchDoc with MX_SW from 凯华热插拔-SK6812-3528反贴.SchLib
Replace Part KEY_ScrollLock? MX_SW in D:\Org-EdgeGravity\NutX_Keyboard\NutX_Keyboard_PCB_ANSI104\NutX_Keyboard_PCB_ANSI104.SchDoc with MX_SW from 凯华热插拔-SK6812-3528反贴.SchLib
Replace Part KEY_WAVE MX_SW in D:\Org-EdgeGravity\NutX_Keyboard\NutX_Keyboard_PCB_ANSI104\NutX_Keyboard_PCB_ANSI104.SchDoc with MX_SW from 凯华热插拔-SK6812-3528反贴.SchLib
Replace Part R0 RES in D:\Org-EdgeGravity\NutX_Keyboard\NutX_Keyboard_PCB_ANSI104\NutX_Keyboard_PCB_ANSI104.SchDoc with RES from 电阻.IntLib
Replace Part R1 RES in D:\Org-EdgeGravity\NutX_Keyboard\NutX_Keyboard_PCB_ANSI104\NutX_Keyboard_PCB_ANSI104.SchDoc with RES from 电阻.IntLib
Replace Part R? RES in D:\Org-EdgeGravity\NutX_Keyboard\NutX_Keyboard_PCB_ANSI104\NutX_Keyboard_PCB_ANSI104.SchDoc with RES from 电阻.IntLib
Replace Part R? RES in D:\Org-EdgeGravity\NutX_Keyboard\NutX_Keyboard_PCB_ANSI104\NutX_Keyboard_PCB_ANSI104.SchDoc with RES from 电阻.IntLib
Replace Part STAB1 MX_卫星轴 in D:\Org-EdgeGravity\NutX_Keyboard\NutX_Keyboard_PCB_ANSI104\NutX_Keyboard_PCB_ANSI104.SchDoc with MX_卫星轴 from 卫星轴.SchLib
Replace Part STAB2 MX_卫星轴 in D:\Org-EdgeGravity\NutX_Keyboard\NutX_Keyboard_PCB_ANSI104\NutX_Keyboard_PCB_ANSI104.SchDoc with MX_卫星轴 from 卫星轴.SchLib
Replace Part STAB3 MX_卫星轴 in D:\Org-EdgeGravity\NutX_Keyboard\NutX_Keyboard_PCB_ANSI104\NutX_Keyboard_PCB_ANSI104.SchDoc with MX_卫星轴 from 卫星轴.SchLib
Replace Part STAB4 MX_卫星轴 in D:\Org-EdgeGravity\NutX_Keyboard\NutX_Keyboard_PCB_ANSI104\NutX_Keyboard_PCB_ANSI104.SchDoc with MX_卫星轴 from 卫星轴.SchLib
Replace Part STAB5 MX_卫星轴 in D:\Org-EdgeGravity\NutX_Keyboard\NutX_Keyboard_PCB_ANSI104\NutX_Keyboard_PCB_ANSI104.SchDoc with MX_卫星轴 from 卫星轴.SchLib
Replace Part STAB6 MX_卫星轴 in D:\Org-EdgeGravity\NutX_Keyboard\NutX_Keyboard_PCB_ANSI104\NutX_Keyboard_PCB_ANSI104.SchDoc with MX_卫星轴 from 卫星轴.SchLib
Replace Part STAB7 MX_卫星轴 in D:\Org-EdgeGravity\NutX_Keyboard\NutX_Keyboard_PCB_ANSI104\NutX_Keyboard_PCB_ANSI104.SchDoc with MX_卫星轴 from 卫星轴.SchLib
Replace Part STAB8 MX_卫星轴 in D:\Org-EdgeGravity\NutX_Keyboard\NutX_Keyboard_PCB_ANSI104\NutX_Keyboard_PCB_ANSI104.SchDoc with MX_卫星轴 from 卫星轴.SchLib
